2016-08-30 15:19:29 	测试结果[Pass]	用时[0.0 seconds]	用例[2[asdf]]
2016-08-30 15:19:29 	测试结果[Pass]	用时[0.0 seconds]	用例[3[]]
2016-08-30 15:19:44 	测试结果[Fail]	用时[0.0 seconds]	用例[1[3]]
2016-08-30 15:19:44 	测试结果[Pass]	用时[0.0 seconds]	用例[2[asdf]]
2016-08-30 15:19:44 	测试结果[Pass]	用时[0.0 seconds]	用例[3[]]
2016-08-30 15:40:12 	测试结果[Fail]	用时[0.0 seconds]	用例[1[3]]
2016-08-30 15:40:12 	测试结果[Pass]	用时[0.0 seconds]	用例[2[asdf]]
2016-08-30 15:40:12 	测试结果[Pass]	用时[0.0 seconds]	用例[2[asdf]]
2016-08-30 15:40:12 	测试结果[Pass]	用时[0.0 seconds]	用例[3[]]
2016-08-30 15:40:12 	测试结果[Pass]	用时[0.0 seconds]	用例[3[]]
2016-08-30 15:42:23 	测试结果[Fail]	用时[0.0 seconds]	用例[1[3]]
2016-08-30 15:42:23 	测试结果[Pass]	用时[0.0 seconds]	用例[2[asdf]]
2016-08-30 15:42:23 	测试结果[Pass]	用时[0.0 seconds]	用例[2[asdf]]
2016-08-30 15:42:23 	测试结果[Pass]	用时[0.0 seconds]	用例[3[]]
2016-08-30 15:42:23 	测试结果[Pass]	用时[0.0 seconds]	用例[3[]]
2016-08-30 15:42:50 	测试结果[Fail]	用时[0.0 seconds]	用例[1[3]]
2016-08-30 15:42:50 	测试结果[Pass]	用时[0.0 seconds]	用例[2[asdf]]
2016-08-30 15:42:50 	测试结果[Pass]	用时[0.0 seconds]	用例[2[asdf]]
2016-08-30 15:42:50 	测试结果[Pass]	用时[0.0 seconds]	用例[3[]]
2016-08-30 15:42:50 	测试结果[Pass]	用时[0.0 seconds]	用例[3[]]
2016-08-30 15:48:33 	测试结果[Fail]	用时[0.0 seconds]	用例[1[3]]
2016-08-30 15:48:33 	测试结果[Pass]	用时[0.0 seconds]	用例[2[asdf]]
2016-08-30 15:48:33 	测试结果[Pass]	用时[0.0 seconds]	用例[2[asdf]]
2016-08-30 15:48:33 	测试结果[Pass]	用时[0.0 seconds]	用例[3[]]
2016-08-30 15:48:33 	测试结果[Pass]	用时[0.0 seconds]	用例[3[]]
2016-08-30 15:57:30 	测试结果[Fail]	用时[0.0 seconds]	用例[1[3]]
2016-08-30 15:57:30 	测试结果[Pass]	用时[0.0 seconds]	用例[2[asdf]]
2016-08-30 15:57:30 	测试结果[Pass]	用时[0.0 seconds]	用例[2[asdf]]
2016-08-30 15:57:30 	测试结果[Pass]	用时[0.0 seconds]	用例[3[]]
2016-08-30 15:57:30 	测试结果[Pass]	用时[0.0 seconds]	用例[3[]]
2016-08-30 15:59:42 	测试结果[Fail]	用时[0.0 seconds]	用例[1[3]]
2016-08-30 15:59:42 	测试结果[Fail]	用时[0.0 seconds]	用例[2[asdf]]
2016-08-30 15:59:42 	测试结果[Pass]	用时[0.0 seconds]	用例[2[asdf]]
2016-08-30 15:59:42 	测试结果[Fail]	用时[0.0 seconds]	用例[3[]]
2016-08-30 15:59:42 	测试结果[Pass]	用时[0.0 seconds]	用例[3[]]
2016-08-30 16:00:18 	测试结果[Fail]	用时[0.0 seconds]	用例[2[asdf]]
2016-08-30 16:00:18 	测试结果[Pass]	用时[0.0 seconds]	用例[2[asdf]]
2016-08-30 16:00:18 	测试结果[Fail]	用时[0.0 seconds]	用例[3[]]
2016-08-30 16:00:18 	测试结果[Pass]	用时[0.0 seconds]	用例[3[]]
2016-08-30 16:01:35 	测试结果[Fail]	用时[0.0 seconds]	用例[2[asdf]]
2016-08-30 16:01:35 	测试结果[Fail]	用时[0.0 seconds]	用例[3[]]
2016-08-30 16:02:55 	测试结果[Fail]	用时[0.0 seconds]	用例[2[asdf]]
2016-08-30 16:02:55 	测试结果[Fail]	用时[0.0 seconds]	用例[3[]]
2016-08-30 16:03:08 	测试结果[Fail]	用时[0.0 seconds]	用例[2[asdf]]
2016-08-30 16:03:08 	测试结果[Fail]	用时[0.0 seconds]	用例[3[]]
2016-08-30 16:03:47 	测试结果[Fail]	用时[0.0 seconds]	用例[2[asdf]]
2016-08-30 16:03:47 	测试结果[Fail]	用时[0.0 seconds]	用例[3[]]
2016-08-30 16:06:12 	测试结果[Fail]	用时[0.0 seconds]	用例[2[asdf]]
2016-08-30 16:06:12 	测试结果[Fail]	用时[0.0 seconds]	用例[3[]]
2016-08-30 16:06:47 	测试结果[Fail]	用时[0.0 seconds]	用例[2[asdf]]
2016-08-30 16:06:47 	测试结果[Fail]	用时[0.0 seconds]	用例[3[]]
2016-08-30 16:12:52 	测试结果[Fail]	用时[0.0 seconds]	用例[2[asdf]]
2016-08-30 16:12:52 	测试结果[Fail]	用时[0.0 seconds]	用例[3[]]
2016-08-30 16:13:09 	测试结果[Fail]	用时[0.0 seconds]	用例[2[asdf]]
2016-08-30 16:13:09 	测试结果[Fail]	用时[0.0 seconds]	用例[3[]]
2016-08-30 16:14:16 	测试结果[Fail]	用时[0.0 seconds]	用例[2[asdf]]
2016-08-30 16:14:16 	测试结果[Fail]	用时[0.0 seconds]	用例[3[]]
2016-08-30 16:15:12 	测试结果[Fail]	用时[0.0 seconds]	用例[2[asdf]]
2016-08-30 16:15:12 	测试结果[Fail]	用时[0.0 seconds]	用例[3[]]
2016-08-30 16:18:44 	测试结果[Fail]	用时[0.0 seconds]	用例[1[3]]
2016-08-30 16:18:44 	测试结果[Fail]	用时[0.0 seconds]	用例[2[asdf]]
2016-08-30 16:18:44 	测试结果[Fail]	用时[0.0 seconds]	用例[3[]]
2016-08-30 16:19:34 	测试结果[Fail]	用时[0.0 seconds]	用例[1[3]]
2016-08-30 16:19:34 	测试结果[Fail]	用时[0.0 seconds]	用例[2[asdf]]
2016-08-30 16:19:34 	测试结果[Fail]	用时[0.0 seconds]	用例[3[]]
2016-08-30 16:21:10 	测试结果[Fail]	用时[0.0 seconds]	用例[1[3]]
2016-08-30 16:21:10 	测试结果[Fail]	用时[0.0 seconds]	用例[2[asdf]]
2016-08-30 16:21:10 	测试结果[Fail]	用时[0.0 seconds]	用例[3[]]
2016-08-30 16:22:57 	测试结果[Fail]	用时[0.0 seconds]	用例[1[3]]
2016-08-30 16:22:57 	测试结果[Fail]	用时[0.0 seconds]	用例[2[asdf]]
2016-08-30 16:22:57 	测试结果[Fail]	用时[0.0 seconds]	用例[3[]]
2016-08-30 16:25:51 	测试结果[Fail]	用时[0.0 seconds]	用例[1[3]]
2016-08-30 16:25:51 	测试结果[Fail]	用时[0.0 seconds]	用例[2[asdf]]
2016-08-30 16:25:51 	测试结果[Fail]	用时[0.0 seconds]	用例[3[]]
2016-08-30 16:26:48 	测试结果[Fail]	用时[0.0 seconds]	用例[1[3]]
2016-08-30 16:26:48 	测试结果[Fail]	用时[0.0 seconds]	用例[2[asdf]]
2016-08-30 16:26:48 	测试结果[Pass]	用时[0.0 seconds]	用例[3[]]
2016-08-30 16:26:48 	测试结果[Pass]	用时[0.0 seconds]	用例[3[]]
2016-08-30 16:26:48 	测试结果[Fail]	用时[0.0 seconds]	用例[3[]]
2016-08-30 16:27:38 	测试结果[Fail]	用时[0.0 seconds]	用例[1[3]]
2016-08-30 16:27:38 	测试结果[Fail]	用时[0.0 seconds]	用例[2[asdf]]
2016-08-30 16:27:38 	测试结果[Fail]	用时[0.0 seconds]	用例[3[]]
2016-08-30 19:54:21 	测试结果[Fail]	用时[0.0 seconds]	用例[1[3]]
2016-08-30 19:54:21 	测试结果[Fail]	用时[0.0 seconds]	用例[2[asdf]]
2016-08-30 19:54:21 	测试结果[Fail]	用时[0.0 seconds]	用例[3[]]
2016-08-30 20:15:17 	测试结果[Fail]	用时[0.0 seconds]	用例[1[3]]
2016-08-30 20:15:17 	测试结果[Fail]	用时[0.0 seconds]	用例[2[asdf]]
2016-08-30 20:15:17 	测试结果[Fail]	用时[0.0 seconds]	用例[3[]]
2016-08-31 14:53:52 	测试结果[Fail]	用时[0.0 seconds]	用例[1[3]]
2016-08-31 14:53:52 	测试结果[Fail]	用时[0.0 seconds]	用例[2[asdf]]
2016-08-31 14:53:52 	测试结果[Fail]	用时[0.0 seconds]	用例[3[]]
2016-08-31 14:54:20 	测试结果[Fail]	用时[0.0 seconds]	用例[1[3]]
2016-08-31 14:54:20 	测试结果[Fail]	用时[0.0 seconds]	用例[2[asdf]]
2016-08-31 14:54:20 	测试结果[Fail]	用时[0.0 seconds]	用例[3[]]
2016-08-31 14:54:20 	测试结果[Fail]	用时[0.0 seconds]	用例[1[3]]
2016-08-31 14:54:20 	测试结果[Fail]	用时[0.0 seconds]	用例[2[asdf]]
2016-08-31 14:54:20 	测试结果[Fail]	用时[0.0 seconds]	用例[3[]]
2016-08-31 14:54:43 	测试结果[Fail]	用时[0.0 seconds]	用例[1[3]]
2016-08-31 14:54:43 	测试结果[Fail]	用时[0.0 seconds]	用例[2[asdf]]
2016-08-31 14:54:43 	测试结果[Fail]	用时[0.0 seconds]	用例[3[]]
2016-08-31 14:56:35 	测试结果[Fail]	用时[0.0 seconds]	用例[1[3]]
2016-08-31 14:56:35 	测试结果[Fail]	用时[0.0 seconds]	用例[2[asdf]]
2016-08-31 14:56:35 	测试结果[Fail]	用时[0.0 seconds]	用例[3[]]
2016-08-31 15:00:08 	测试结果[Fail]	用时[0.0 seconds]	用例[1[3]]
2016-08-31 15:00:08 	测试结果[Fail]	用时[0.0 seconds]	用例[2[asdf]]
2016-08-31 15:00:08 	测试结果[Fail]	用时[0.0 seconds]	用例[3[]]
2016-08-31 15:05:25 	测试结果[Fail]	用时[0.0 seconds]	用例[1[3]]
2016-08-31 15:05:25 	测试结果[Fail]	用时[0.0 seconds]	用例[2[asdf]]
2016-08-31 15:05:25 	测试结果[Fail]	用时[0.0 seconds]	用例[3[]]
2016-08-31 15:05:49 	测试结果[Fail]	用时[0.0 seconds]	用例[1[3]]
2016-08-31 15:05:49 	测试结果[Fail]	用时[0.0 seconds]	用例[2[asdf]]
2016-08-31 15:05:49 	测试结果[Fail]	用时[0.0 seconds]	用例[3[]]
2016-08-31 15:22:00 	测试结果[Fail]	用时[0.0 seconds]	用例[1[3]]
2016-08-31 15:22:00 	测试结果[Fail]	用时[0.0 seconds]	用例[2[asdf]]
2016-08-31 15:22:00 	测试结果[Fail]	用时[0.0 seconds]	用例[3[]]
2016-08-31 15:29:03 	测试结果[Fail]	用时[0.0 seconds]	用例[1[3]]
2016-08-31 15:29:03 	测试结果[Fail]	用时[0.0 seconds]	用例[2[asdf]]
2016-08-31 15:29:03 	测试结果[Fail]	用时[0.0 seconds]	用例[3[]]
2016-08-31 15:29:33 	测试结果[Fail]	用时[0.0 seconds]	用例[1[3]]
2016-08-31 15:29:36 	测试结果[Fail]	用时[3.02 seconds]	用例[2[asdf]]
2016-08-31 15:29:36 	测试结果[Fail]	用时[0.0 seconds]	用例[3[]]
2016-08-31 15:40:26 	测试结果[Fail]	用时[0.0 seconds]	用例[1[3]]
2016-08-31 15:40:29 	测试结果[Fail]	用时[3.53 seconds]	用例[2[asdf]]
2016-08-31 15:40:29 	测试结果[Fail]	用时[0.0 seconds]	用例[3[]]
2016-08-31 16:23:36 	测试结果[Fail]	用时[0.0 seconds]	用例[1[3]]
2016-08-31 16:23:39 	测试结果[Fail]	用时[3.53 seconds]	用例[2[asdf]]
2016-08-31 16:23:39 	测试结果[Fail]	用时[0.0 seconds]	用例[3[]]
2016-08-31 16:24:19 	测试结果[Fail]	用时[0.0 seconds]	用例[1[3]]
2016-08-31 16:24:21 	测试结果[Fail]	用时[2.45 seconds]	用例[2[asdf]]
2016-08-31 16:24:31 	测试结果[Fail]	用时[10.34 seconds]	用例[3[]]
2016-08-31 17:35:39 	测试结果[Fail]	用时[0.0 seconds]	用例[1[3]]
2016-08-31 17:35:43 	测试结果[Fail]	用时[3.49 seconds]	用例[2[asdf]]
2016-08-31 17:35:48 	测试结果[Fail]	用时[5.2 seconds]	用例[3[]]
2016-08-31 17:36:49 	测试结果[Fail]	用时[0.0 seconds]	用例[1[3]]
2016-08-31 17:36:52 	测试结果[Fail]	用时[3.61 seconds]	用例[2[asdf]]
2016-08-31 17:37:03 	测试结果[Fail]	用时[10.51 seconds]	用例[3[]]
2016-08-31 17:38:41 	测试结果[Fail]	用时[0.0 seconds]	用例[1[3]]
2016-08-31 17:38:43 	测试结果[Pass]	用时[2.14 seconds]	用例[2[asdf]]
2016-08-31 17:38:43 	测试结果[Pass]	用时[2.86 seconds]	用例[2[asdf]]
2016-08-31 17:38:44 	测试结果[Pass]	用时[3.49 seconds]	用例[2[asdf]]
2016-08-31 17:38:44 	测试结果[Pass]	用时[3.53 seconds]	用例[2[asdf]]
2016-08-31 17:38:44 	测试结果[Pass]	用时[3.58 seconds]	用例[2[asdf]]
2016-08-31 17:38:44 	测试结果[Fail]	用时[3.58 seconds]	用例[2[asdf]]
2016-08-31 17:38:44 	测试结果[Pass]	用时[0.04 seconds]	用例[3[]]
2016-08-31 17:38:54 	测试结果[Fail]	用时[10.27 seconds]	用例[3[]]
2016-08-31 17:38:54 	测试结果[Fail]	用时[10.29 seconds]	用例[3[]]
2016-08-31 17:38:54 	测试结果[Fail]	用时[10.3 seconds]	用例[3[]]
2016-08-31 17:38:54 	测试结果[Fail]	用时[10.31 seconds]	用例[3[]]
2016-08-31 17:38:54 	测试结果[Fail]	用时[10.31 seconds]	用例[3[]]
2016-08-31 17:38:54 	测试结果[Fail]	用时[10.31 seconds]	用例[3[]]
2016-08-31 17:42:03 	测试结果[Fail]	用时[0.0 seconds]	用例[1[3]]
2016-08-31 17:42:05 	测试结果[Pass]	用时[2.14 seconds]	用例[2[asdf]]
2016-08-31 17:42:06 	测试结果[Pass]	用时[2.85 seconds]	用例[2[asdf]]
2016-08-31 17:42:07 	测试结果[Pass]	用时[3.47 seconds]	用例[2[asdf]]
2016-08-31 17:42:07 	测试结果[Pass]	用时[3.52 seconds]	用例[2[asdf]]
2016-08-31 17:42:07 	测试结果[Pass]	用时[3.56 seconds]	用例[2[asdf]]
2016-08-31 17:42:07 	测试结果[Fail]	用时[3.56 seconds]	用例[2[asdf]]
2016-08-31 17:42:07 	测试结果[Pass]	用时[0.04 seconds]	用例[3[]]
2016-08-31 17:42:17 	测试结果[Fail]	用时[10.29 seconds]	用例[3[]]
2016-08-31 17:42:17 	测试结果[Fail]	用时[10.31 seconds]	用例[3[]]
2016-08-31 17:42:17 	测试结果[Fail]	用时[10.33 seconds]	用例[3[]]
2016-08-31 17:42:17 	测试结果[Fail]	用时[10.33 seconds]	用例[3[]]
2016-08-31 17:42:17 	测试结果[Fail]	用时[10.33 seconds]	用例[3[]]
2016-08-31 17:42:17 	测试结果[Fail]	用时[10.33 seconds]	用例[3[]]
2016-08-31 17:46:27 	测试结果[Fail]	用时[0.0 seconds]	用例[1[3]]
2016-08-31 17:46:28 	测试结果[Fail]	用时[1.1 seconds]	用例[2[asdf]]
2016-08-31 17:49:47 	测试结果[Fail]	用时[0.0 seconds]	用例[1[3]]
2016-08-31 17:49:51 	测试结果[Fail]	用时[3.53 seconds]	用例[2[asdf]]
2016-08-31 17:52:34 	测试结果[Fail]	用时[0.0 seconds]	用例[1[3]]
2016-08-31 17:52:38 	测试结果[Fail]	用时[3.49 seconds]	用例[2[asdf]]
2016-08-31 17:52:48 	测试结果[Fail]	用时[10.32 seconds]	用例[3[]]
2016-08-31 17:53:47 	测试结果[Fail]	用时[0.0 seconds]	用例[1[3]]
2016-08-31 17:53:50 	测试结果[Fail]	用时[3.61 seconds]	用例[2[asdf]]
2016-08-31 17:54:01 	测试结果[Fail]	用时[10.36 seconds]	用例[3[]]
2016-08-31 18:01:22 	测试结果[Fail]	用时[0.0 seconds]	用例[1[3]]
2016-08-31 18:01:25 	测试结果[Fail]	用时[2.43 seconds]	用例[2[asdf]]
2016-08-31 18:01:35 	测试结果[Fail]	用时[10.34 seconds]	用例[3[]]
2016-09-01 09:20:38 	测试结果[Fail]	用时[0.0 seconds]	用例[1[3]]
2016-09-01 09:20:42 	测试结果[Fail]	用时[3.65 seconds]	用例[2[asdf]]
2016-09-01 09:20:52 	测试结果[Fail]	用时[10.42 seconds]	用例[3[]]
2016-09-01 09:35:09 	测试结果[Fail]	用时[0.0 seconds]	用例[1[3]]
2016-09-01 09:35:12 	测试结果[Fail]	用时[2.54 seconds]	用例[2[asdf]]
2016-09-01 09:35:22 	测试结果[Fail]	用时[10.38 seconds]	用例[3[]]
2016-09-01 09:35:29 	测试结果[Fail]	用时[0.0 seconds]	用例[1[3]]
2016-09-01 09:35:32 	测试结果[Fail]	用时[2.48 seconds]	用例[2[asdf]]
2016-09-01 09:35:41 	测试结果[Fail]	用时[0.0 seconds]	用例[1[3]]
2016-09-01 09:35:45 	测试结果[Fail]	用时[3.51 seconds]	用例[2[asdf]]
2016-09-01 09:35:55 	测试结果[Fail]	用时[10.29 seconds]	用例[3[]]
2016-09-01 09:38:37 	测试结果[Fail]	用时[0.0 seconds]	用例[1[3]]
2016-09-01 09:38:40 	测试结果[Fail]	用时[3.54 seconds]	用例[2[asdf]]
2016-09-01 09:38:51 	测试结果[Fail]	用时[10.32 seconds]	用例[3[]]
2016-09-01 09:41:49 	测试结果[Pass]	用时[0.0 seconds]	用例[1[3]]
2016-09-01 09:41:52 	测试结果[Fail]	用时[3.48 seconds]	用例[2[asdf]]
2016-09-01 09:42:02 	测试结果[Fail]	用时[10.29 seconds]	用例[3[]]
2016-09-01 09:43:54 	测试结果[Pass]	用时[0.0 seconds]	用例[1[3]]
2016-09-01 09:43:56 	测试结果[Pass]	用时[2.44 seconds]	用例[2[asdf]]
2016-09-01 09:44:07 	测试结果[Pass]	用时[10.32 seconds]	用例[3[]]
2016-09-01 09:53:13 	测试结果[Fail]	用时[0.0 seconds]	用例[1[3]]
2016-09-01 09:53:56 	测试结果[Fail]	用时[0.0 seconds]	用例[1[3]]
2016-09-01 09:54:38 	测试结果[Fail]	用时[0.0 seconds]	用例[1[3]]
2016-09-01 09:54:53 	测试结果[Pass]	用时[0.0 seconds]	用例[1[3]]
2016-09-01 09:55:09 	测试结果[Pass]	用时[0.0 seconds]	用例[1[3]]
2016-09-01 09:55:10 	测试结果[Fail]	用时[1.1 seconds]	用例[2[asdf]]
2016-09-01 09:55:11 	测试结果[Fail]	用时[1.73 seconds]	用例[2[asdf]]
2016-09-01 09:55:12 	测试结果[Fail]	用时[2.37 seconds]	用例[2[asdf]]
2016-09-01 09:55:12 	测试结果[Fail]	用时[2.41 seconds]	用例[2[asdf]]
2016-09-01 09:55:12 	测试结果[Fail]	用时[2.46 seconds]	用例[2[asdf]]
2016-09-01 09:55:12 	测试结果[Pass]	用时[2.46 seconds]	用例[2[asdf]]
2016-09-01 10:32:19 	测试结果[Pass]	用时[0.0 seconds]	用例[1[3]]
2016-09-01 10:32:20 	测试结果[Fail]	用时[1.1 seconds]	用例[2[asdf]]
2016-09-01 10:32:21 	测试结果[Fail]	用时[1.73 seconds]	用例[2[asdf]]
2016-09-01 10:32:21 	测试结果[Fail]	用时[1.98 seconds]	用例[2[asdf]]
2016-09-01 10:32:21 	测试结果[Fail]	用时[2.08 seconds]	用例[2[asdf]]
2016-09-01 10:32:21 	测试结果[Fail]	用时[2.13 seconds]	用例[2[asdf]]
2016-09-01 10:32:21 	测试结果[Pass]	用时[2.13 seconds]	用例[2[asdf]]
2016-09-01 10:34:47 	测试结果[Pass]	用时[0.0 seconds]	用例[1[3]]
2016-09-01 10:34:49 	测试结果[Fail]	用时[2.14 seconds]	用例[2[asdf]]
2016-09-01 10:34:50 	测试结果[Fail]	用时[2.88 seconds]	用例[2[asdf]]
2016-09-01 10:34:50 	测试结果[Fail]	用时[3.58 seconds]	用例[2[asdf]]
2016-09-01 10:34:50 	测试结果[Fail]	用时[3.63 seconds]	用例[2[asdf]]
2016-09-01 10:34:50 	测试结果[Fail]	用时[3.68 seconds]	用例[2[asdf]]
2016-09-01 10:34:50 	测试结果[Pass]	用时[3.68 seconds]	用例[2[asdf]]
2016-09-01 10:36:10 	测试结果[Pass]	用时[0.0 seconds]	用例[1[3]]
2016-09-01 10:36:13 	测试结果[Pass]	用时[2.13 seconds]	用例[2[asdf]]
2016-09-01 10:36:13 	测试结果[Pass]	用时[2.81 seconds]	用例[2[asdf]]
2016-09-01 10:36:14 	测试结果[Pass]	用时[3.43 seconds]	用例[2[asdf]]
2016-09-01 10:36:14 	测试结果[Pass]	用时[3.47 seconds]	用例[2[asdf]]
2016-09-01 10:36:14 	测试结果[Pass]	用时[3.52 seconds]	用例[2[asdf]]
2016-09-01 10:36:14 	测试结果[Pass]	用时[3.52 seconds]	用例[2[asdf]]
2016-09-01 10:55:53 	测试结果[Pass]	用时[0.0 seconds]	用例[1[3]]
2016-09-01 10:55:55 	测试结果[Pass]	用时[2.15 seconds]	用例[2[asdf]]
2016-09-01 10:55:55 	测试结果[Pass]	用时[2.78 seconds]	用例[2[asdf]]
2016-09-01 10:55:56 	测试结果[Fail]	用时[3.4 seconds]	用例[2[asdf]]
2016-09-01 10:55:56 	测试结果[Pass]	用时[3.44 seconds]	用例[2[asdf]]
2016-09-01 10:55:56 	测试结果[Pass]	用时[3.49 seconds]	用例[2[asdf]]
2016-09-01 10:55:56 	测试结果[Pass]	用时[3.49 seconds]	用例[2[asdf]]
2016-09-01 10:57:13 	测试结果[Pass]	用时[0.0 seconds]	用例[1[3]]
2016-09-01 10:57:14 	测试结果[Pass]	用时[1.09 seconds]	用例[2[asdf]]
2016-09-01 10:57:14 	测试结果[Pass]	用时[1.75 seconds]	用例[2[asdf]]
2016-09-01 10:57:15 	测试结果[Fail]	用时[2.38 seconds]	用例[2[asdf]]
2016-09-01 10:57:15 	测试结果[Pass]	用时[2.42 seconds]	用例[2[asdf]]
2016-09-01 10:57:15 	测试结果[Pass]	用时[2.47 seconds]	用例[2[asdf]]
2016-09-01 10:57:15 	测试结果[Pass]	用时[2.47 seconds]	用例[2[asdf]]
2016-09-01 10:58:24 	测试结果[Pass]	用时[0.0 seconds]	用例[1[3]]
2016-09-01 10:58:25 	测试结果[Pass]	用时[1.12 seconds]	用例[2[asdf]]
2016-09-01 10:58:26 	测试结果[Pass]	用时[1.78 seconds]	用例[2[asdf]]
2016-09-01 10:58:26 	测试结果[Fail]	用时[2.4 seconds]	用例[2[asdf]]
2016-09-01 10:58:26 	测试结果[Fail]	用时[2.44 seconds]	用例[2[asdf]]
2016-09-01 10:58:26 	测试结果[Fail]	用时[2.49 seconds]	用例[2[asdf]]
2016-09-01 10:58:26 	测试结果[Pass]	用时[2.49 seconds]	用例[2[asdf]]
2016-09-01 10:59:45 	测试结果[Pass]	用时[0.0 seconds]	用例[1[3]]
2016-09-01 10:59:48 	测试结果[Pass]	用时[2.14 seconds]	用例[2[asdf]]
2016-09-01 10:59:48 	测试结果[Pass]	用时[2.74 seconds]	用例[2[asdf]]
2016-09-01 10:59:49 	测试结果[Fail]	用时[3.36 seconds]	用例[2[asdf]]
2016-09-01 10:59:49 	测试结果[Fail]	用时[3.4 seconds]	用例[2[asdf]]
2016-09-01 10:59:49 	测试结果[Fail]	用时[3.45 seconds]	用例[2[asdf]]
2016-09-01 10:59:49 	测试结果[Pass]	用时[3.45 seconds]	用例[2[asdf]]
2016-09-01 11:01:08 	测试结果[Pass]	用时[0.0 seconds]	用例[1[3]]
2016-09-01 11:01:09 	测试结果[Pass]	用时[1.1 seconds]	用例[2[asdf]]
2016-09-01 11:01:09 	测试结果[Pass]	用时[1.77 seconds]	用例[2[asdf]]
2016-09-01 11:01:10 	测试结果[Fail]	用时[2.41 seconds]	用例[2[asdf]]
2016-09-01 11:01:10 	测试结果[Fail]	用时[2.45 seconds]	用例[2[asdf]]
2016-09-01 11:01:10 	测试结果[Fail]	用时[2.49 seconds]	用例[2[asdf]]
2016-09-01 11:01:10 	测试结果[Pass]	用时[2.49 seconds]	用例[2[asdf]]
2016-09-01 11:10:58 	测试结果[Pass]	用时[0.0 seconds]	用例[1[3]]
2016-09-01 11:10:58 	测试结果[Pass]	用时[0.0 seconds]	用例[1[3]]
2016-09-01 11:10:59 	测试结果[Pass]	用时[1.1 seconds]	用例[2[asdf]]
2016-09-01 11:10:59 	测试结果[Pass]	用时[1.73 seconds]	用例[2[asdf]]
2016-09-01 11:11:00 	测试结果[Fail]	用时[2.34 seconds]	用例[2[asdf]]
2016-09-01 11:11:00 	测试结果[Fail]	用时[2.38 seconds]	用例[2[asdf]]
2016-09-01 11:11:00 	测试结果[Fail]	用时[2.43 seconds]	用例[2[asdf]]
2016-09-01 11:11:00 	测试结果[Fail]	用时[2.43 seconds]	用例[2[asdf]]
2016-09-01 11:11:00 	测试结果[Pass]	用时[2.43 seconds]	用例[2[asdf]]
2016-09-01 11:12:13 	测试结果[Pass]	用时[0.0 seconds]	用例[1[3]]
2016-09-01 11:12:15 	测试结果[Pass]	用时[2.14 seconds]	用例[2[asdf]]
2016-09-01 11:12:16 	测试结果[Pass]	用时[2.79 seconds]	用例[2[asdf]]
2016-09-01 11:12:16 	测试结果[Fail]	用时[3.42 seconds]	用例[2[asdf]]
2016-09-01 11:12:16 	测试结果[Fail]	用时[3.46 seconds]	用例[2[asdf]]
2016-09-01 11:12:17 	测试结果[Fail]	用时[3.5 seconds]	用例[2[asdf]]
2016-09-01 11:12:17 	测试结果[Pass]	用时[3.5 seconds]	用例[2[asdf]]
2016-09-01 11:13:57 	测试结果[Pass]	用时[0.0 seconds]	用例[1[3]]
2016-09-01 11:14:00 	测试结果[Pass]	用时[2.13 seconds]	用例[2[asdf]]
2016-09-01 11:14:00 	测试结果[Pass]	用时[2.76 seconds]	用例[2[asdf]]
2016-09-01 11:14:01 	测试结果[Fail]	用时[3.38 seconds]	用例[2[asdf]]
2016-09-01 11:14:01 	测试结果[Fail]	用时[3.41 seconds]	用例[2[asdf]]
2016-09-01 11:14:01 	测试结果[Fail]	用时[3.46 seconds]	用例[2[asdf]]
2016-09-01 11:14:01 	测试结果[Pass]	用时[3.46 seconds]	用例[2[asdf]]
2016-09-01 11:15:50 	测试结果[Pass]	用时[0.01 seconds]	用例[1[3]]
2016-09-01 11:16:29 	测试结果[Pass]	用时[19.34 seconds]	用例[2[asdf]]
2016-09-01 11:16:38 	测试结果[Pass]	用时[27.72 seconds]	用例[2[asdf]]
2016-09-01 11:16:47 	测试结果[Fail]	用时[36.73 seconds]	用例[2[asdf]]
2016-09-01 11:17:30 	测试结果[Fail]	用时[80.07 seconds]	用例[2[asdf]]
2016-09-01 11:17:30 	测试结果[Fail]	用时[80.17 seconds]	用例[2[asdf]]
2016-09-01 11:17:30 	测试结果[Pass]	用时[80.17 seconds]	用例[2[asdf]]
2016-09-01 11:19:40 	测试结果[Fail]	用时[2.45 seconds]	用例[2[asdf]]
2016-09-01 13:38:05 	测试结果[Fail]	用时[3.48 seconds]	用例[2[asdf]]
2016-09-01 13:40:34 	测试结果[Fail]	用时[3.48 seconds]	用例[2[asdf]]
2016-09-01 13:42:01 	测试结果[Fail]	用时[3.48 seconds]	用例[2[asdf]]
2016-09-01 13:42:01 	测试结果[Pass]	用时[3.48 seconds]	用例[2[asdf]]
2016-09-01 13:42:40 	测试结果[Fail]	用时[2.46 seconds]	用例[2[asdf]]
2016-09-01 13:44:42 	测试结果[Pass]	用时[0.0 seconds]	用例[1[3]]
2016-09-01 13:44:45 	测试结果[Fail]	用时[2.42 seconds]	用例[2[asdf]]
2016-09-01 15:11:41 	测试结果[Pass]	用时[0.0 seconds]	用例[1[3]]
2016-09-01 15:11:44 	测试结果[Fail]	用时[3.1 seconds]	用例[2[asdf]]
2016-09-01 15:21:13 	测试结果[Pass]	用时[0.0 seconds]	用例[1[3]]
2016-09-01 15:21:16 	测试结果[Fail]	用时[3.6 seconds]	用例[2[asdf]]
2016-09-01 15:23:05 	测试结果[Pass]	用时[0.0 seconds]	用例[1[3]]
2016-09-01 15:23:08 	测试结果[Fail]	用时[3.56 seconds]	用例[2[asdf]]
2016-09-01 15:24:16 	测试结果[Pass]	用时[0.0 seconds]	用例[1[3]]
2016-09-01 15:24:19 	测试结果[Fail]	用时[3.5 seconds]	用例[2[asdf]]
2016-09-01 15:24:47 	测试结果[Pass]	用时[0.0 seconds]	用例[1[3]]
2016-09-01 15:24:50 	测试结果[Pass]	用时[3.55 seconds]	用例[2[asdf]]
2016-09-01 15:25:01 	测试结果[Fail]	用时[10.32 seconds]	用例[3[]]
2016-09-01 17:12:23 	测试结果[Pass]	用时[0.0 seconds]	用例[1[3]]
2016-09-01 17:12:26 	测试结果[Pass]	用时[2.51 seconds]	用例[2[asdf]]
2016-09-01 17:12:36 	测试结果[Fail]	用时[10.35 seconds]	用例[3[]]
2016-09-01 17:15:03 	测试结果[Pass]	用时[0.0 seconds]	用例[1[3]]
2016-09-01 17:15:06 	测试结果[Pass]	用时[2.44 seconds]	用例[2[asdf]]
2016-09-01 17:15:16 	测试结果[Fail]	用时[10.32 seconds]	用例[3[]]
2016-09-01 17:18:58 	测试结果[Pass]	用时[0.0 seconds]	用例[1[3]]
2016-09-01 17:19:01 	测试结果[Pass]	用时[3.48 seconds]	用例[2[asdf]]
2016-09-01 17:19:11 	测试结果[Fail]	用时[10.33 seconds]	用例[3[]]
2016-09-01 17:29:38 	测试结果[Pass]	用时[0.0 seconds]	用例[1[3]]
2016-09-01 17:29:42 	测试结果[Pass]	用时[3.49 seconds]	用例[2[asdf]]
2016-09-01 17:29:52 	测试结果[Fail]	用时[10.28 seconds]	用例[3[]]
2016-09-01 19:13:35 	测试结果[Pass]	用时[0.0 seconds]	用例[1[3]]
2016-09-01 19:13:39 	测试结果[Pass]	用时[3.67 seconds]	用例[2[asdf]]
2016-09-01 19:36:43 	测试结果[Pass]	用时[0.0 seconds]	用例[1[3]]
2016-09-01 19:36:46 	测试结果[Pass]	用时[2.49 seconds]	用例[2[asdf]]
2016-09-01 19:36:56 	测试结果[Fail]	用时[10.39 seconds]	用例[3[]]
2016-09-01 19:38:39 	测试结果[Pass]	用时[0.0 seconds]	用例[1[3]]
2016-09-01 19:38:41 	测试结果[Pass]	用时[2.49 seconds]	用例[2[asdf]]
2016-09-01 19:43:54 	测试结果[Pass]	用时[0.0 seconds]	用例[1[3]]
2016-09-01 19:43:58 	测试结果[Pass]	用时[3.5 seconds]	用例[2[asdf]]
2016-09-01 19:44:08 	测试结果[Fail]	用时[10.35 seconds]	用例[3[]]
2016-09-01 19:44:30 	测试结果[Pass]	用时[0.0 seconds]	用例[1[3]]
2016-09-01 19:44:34 	测试结果[Pass]	用时[3.17 seconds]	用例[2[asdf]]
2016-09-01 19:44:46 	测试结果[Fail]	用时[12.28 seconds]	用例[3[]]
2016-09-01 19:45:05 	测试结果[Pass]	用时[0.0 seconds]	用例[1[3]]
2016-09-01 19:45:09 	测试结果[Pass]	用时[3.78 seconds]	用例[2[asdf]]
2016-09-01 20:16:53 	测试结果[Pass]	用时[0.0 seconds]	用例[1[3]]
2016-09-01 20:16:56 	测试结果[Pass]	用时[3.58 seconds]	用例[2[asdf]]
2016-09-01 20:17:52 	测试结果[Pass]	用时[0.0 seconds]	用例[1[3]]
2016-09-01 20:17:55 	测试结果[Pass]	用时[2.56 seconds]	用例[2[asdf]]
2016-09-01 20:22:39 	测试结果[Pass]	用时[0.0 seconds]	用例[1[3]]
2016-09-01 20:22:42 	测试结果[Pass]	用时[3.49 seconds]	用例[2[asdf]]
2016-09-01 20:22:53 	测试结果[Fail]	用时[10.33 seconds]	用例[3[]]
2016-09-02 10:18:01 	测试结果[Pass]	用时[0.0 seconds]	用例[1[3]]
2016-09-02 10:18:05 	测试结果[Pass]	用时[3.5 seconds]	用例[2[asdf]]
2016-09-02 16:38:14 	测试结果[Pass]	用时[0.02 seconds]	用例[1[3]]
2016-09-02 16:38:17 	测试结果[Pass]	用时[3.26 seconds]	用例[2[asdf]]
2016-09-02 16:38:27 	测试结果[Fail]	用时[10.36 seconds]	用例[3[]]
2016-09-02 16:40:07 	测试结果[Pass]	用时[0.01 seconds]	用例[1[3]]
2016-09-02 16:40:10 	测试结果[Pass]	用时[3.56 seconds]	用例[2[asdf]]
2016-09-02 16:40:21 	测试结果[Fail]	用时[10.35 seconds]	用例[3[]]
2016-09-02 16:40:47 	测试结果[Pass]	用时[0.02 seconds]	用例[1[3]]
2016-09-02 16:40:50 	测试结果[Pass]	用时[2.48 seconds]	用例[2[asdf]]
2016-09-02 16:41:00 	测试结果[Fail]	用时[10.38 seconds]	用例[3[]]
2016-09-02 16:41:59 	测试结果[Pass]	用时[0.01 seconds]	用例[1[3]]
2016-09-02 16:42:01 	测试结果[Pass]	用时[2.48 seconds]	用例[2[asdf]]
2016-09-02 16:42:12 	测试结果[Fail]	用时[10.36 seconds]	用例[3[]]
2016-09-02 16:43:11 	测试结果[Pass]	用时[0.01 seconds]	用例[1[3]]
2016-09-02 16:43:14 	测试结果[Pass]	用时[3.53 seconds]	用例[2[asdf]]
2016-09-02 16:43:25 	测试结果[Fail]	用时[10.46 seconds]	用例[3[]]
2016-09-02 16:43:35 	测试结果[Pass]	用时[0.01 seconds]	用例[1[3]]
2016-09-02 16:43:39 	测试结果[Pass]	用时[3.54 seconds]	用例[2[asdf]]
2016-09-02 16:43:49 	测试结果[Fail]	用时[10.46 seconds]	用例[3[]]
2016-09-02 16:44:39 	测试结果[Pass]	用时[0.01 seconds]	用例[1[3]]
2016-09-02 16:44:42 	测试结果[Pass]	用时[3.56 seconds]	用例[2[asdf]]
2016-09-02 16:44:53 	测试结果[Fail]	用时[10.49 seconds]	用例[3[]]
2016-09-02 16:45:10 	测试结果[Pass]	用时[0.02 seconds]	用例[1[3]]
2016-09-02 16:45:14 	测试结果[Pass]	用时[3.66 seconds]	用例[2[asdf]]
2016-09-02 16:45:24 	测试结果[Fail]	用时[10.41 seconds]	用例[3[]]
2016-09-02 16:51:16 	测试结果[Pass]	用时[0.01 seconds]	用例[1[3]]
2016-09-02 16:51:25 	测试结果[Pass]	用时[8.4 seconds]	用例[2[asdf]]
2016-09-02 16:51:35 	测试结果[Fail]	用时[10.35 seconds]	用例[3[]]
2016-09-02 17:21:18 	测试结果[Pass]	用时[0.0 seconds]	用例[1[3]]
2016-09-02 17:21:22 	测试结果[Pass]	用时[3.52 seconds]	用例[2[asdf]]
2016-09-02 17:21:32 	测试结果[Fail]	用时[10.35 seconds]	用例[3[]]
2016-09-05 09:53:31 	测试结果[Pass]	用时[0.0 seconds]	用例[1[3]]
2016-09-05 09:53:33 	测试结果[Pass]	用时[2.42 seconds]	用例[2[asdf]]
2016-09-05 11:53:59 	测试结果[Pass]	用时[0.0 seconds]	用例[1[3]]
2016-09-05 11:54:02 	测试结果[Pass]	用时[2.87 seconds]	用例[2[asdf]]
2016-09-05 11:54:13 	测试结果[Fail]	用时[10.36 seconds]	用例[3[]]
2016-09-05 15:20:44 	测试结果[Pass]	用时[0.0 seconds]	用例[1[3]]
2016-09-05 15:21:10 	测试结果[Pass]	用时[0.02 seconds]	用例[1[3]]
2016-09-05 15:21:13 	测试结果[Pass]	用时[3.32 seconds]	用例[2[asdf]]
2016-09-05 15:23:41 	测试结果[Pass]	用时[0.02 seconds]	用例[1[3]]
2016-09-05 15:23:45 	测试结果[Pass]	用时[3.77 seconds]	用例[2[asdf]]
2016-09-05 15:25:39 	测试结果[Pass]	用时[0.03 seconds]	用例[1[3]]
2016-09-05 15:25:42 	测试结果[Pass]	用时[3.32 seconds]	用例[2[asdf]]
2016-09-05 15:28:49 	测试结果[Pass]	用时[0.02 seconds]	用例[1[3]]
2016-09-05 15:28:51 	测试结果[Pass]	用时[2.51 seconds]	用例[2[asdf]]
2016-09-05 15:29:02 	测试结果[Fail]	用时[10.47 seconds]	用例[3[]]
2016-09-05 15:31:09 	测试结果[Pass]	用时[0.01 seconds]	用例[1[3]]
2016-09-05 15:31:13 	测试结果[Pass]	用时[3.77 seconds]	用例[2[asdf]]
2016-09-05 15:31:23 	测试结果[Fail]	用时[10.42 seconds]	用例[3[]]
2016-09-05 15:32:57 	测试结果[Pass]	用时[0.0 seconds]	用例[1[3]]
2016-09-05 15:32:59 	测试结果[Pass]	用时[2.47 seconds]	用例[2[asdf]]
2016-09-05 15:33:10 	测试结果[Fail]	用时[10.3 seconds]	用例[3[]]
2016-09-05 15:33:29 	测试结果[Pass]	用时[0.0 seconds]	用例[1[3]]
2016-09-05 15:33:33 	测试结果[Pass]	用时[3.5 seconds]	用例[2[asdf]]
2016-09-05 15:33:43 	测试结果[Fail]	用时[10.33 seconds]	用例[3[]]
2016-09-05 15:48:19 	测试结果[Pass]	用时[0.0 seconds]	用例[1[3]]
2016-09-05 15:48:23 	测试结果[Pass]	用时[3.53 seconds]	用例[2[asdf]]
2016-09-05 15:53:53 	测试结果[Pass]	用时[0.02 seconds]	用例[1[3]]
2016-09-05 15:53:55 	测试结果[Pass]	用时[2.52 seconds]	用例[2[asdf]]
2016-09-05 15:54:06 	测试结果[Fail]	用时[10.46 seconds]	用例[3[]]
2016-09-05 16:03:32 	测试结果[Pass]	用时[0.02 seconds]	用例[1[3]]
2016-09-05 16:03:36 	测试结果[Pass]	用时[3.54 seconds]	用例[2[asdf]]
2016-09-05 16:03:46 	测试结果[Fail]	用时[10.58 seconds]	用例[3[]]
2016-09-05 16:37:48 	测试结果[Pass]	用时[0.02 seconds]	用例[1[3]]
2016-09-05 16:37:51 	测试结果[Pass]	用时[3.6 seconds]	用例[2[asdf]]
2016-09-05 16:38:02 	测试结果[Fail]	用时[10.46 seconds]	用例[3[]]
2016-09-05 16:39:29 	测试结果[Pass]	用时[0.02 seconds]	用例[1[3]]
2016-09-05 16:39:32 	测试结果[Pass]	用时[3.63 seconds]	用例[2[asdf]]
2016-09-05 16:39:43 	测试结果[Fail]	用时[10.41 seconds]	用例[3[]]
2016-09-05 16:46:35 	测试结果[Pass]	用时[0.0 seconds]	用例[1[3]]
2016-09-05 16:46:38 	测试结果[Pass]	用时[3.55 seconds]	用例[2[asdf]]
2016-09-05 16:46:49 	测试结果[Fail]	用时[10.33 seconds]	用例[3[]]
2016-09-05 16:48:06 	测试结果[Pass]	用时[0.0 seconds]	用例[1[3]]
2016-09-05 16:48:10 	测试结果[Pass]	用时[3.52 seconds]	用例[2[asdf]]
2016-09-05 16:48:22 	测试结果[Fail]	用时[12.21 seconds]	用例[3[]]
2016-09-05 16:54:30 	测试结果[Pass]	用时[0.02 seconds]	用例[1[3]]
2016-09-05 16:54:33 	测试结果[Pass]	用时[3.25 seconds]	用例[2[asdf]]
2016-09-05 16:54:43 	测试结果[Fail]	用时[10.33 seconds]	用例[3[]]
2016-09-05 16:58:41 	测试结果[Pass]	用时[0.01 seconds]	用例[1[3]]
2016-09-05 16:58:43 	测试结果[Pass]	用时[2.63 seconds]	用例[2[asdf]]
2016-09-05 16:58:54 	测试结果[Fail]	用时[10.29 seconds]	用例[3[]]
2016-09-05 17:00:33 	测试结果[Pass]	用时[0.01 seconds]	用例[1[3]]
2016-09-05 17:00:37 	测试结果[Pass]	用时[4.07 seconds]	用例[2[asdf]]
2016-09-05 17:00:47 	测试结果[Fail]	用时[10.3 seconds]	用例[3[]]
2016-09-05 17:55:09 	测试结果[Pass]	用时[0.02 seconds]	用例[1[3]]
2016-09-05 17:55:12 	测试结果[Pass]	用时[3.56 seconds]	用例[2[asdf]]
2016-09-05 17:55:23 	测试结果[Fail]	用时[10.31 seconds]	用例[3[]]
2016-09-06 11:07:21 	测试结果[Pass]	用时[0.02 seconds]	用例[1[3]]
2016-09-06 11:07:25 	测试结果[Pass]	用时[3.86 seconds]	用例[2[asdf]]
2016-09-06 11:07:36 	测试结果[Fail]	用时[10.46 seconds]	用例[3[]]
2016-09-06 14:03:02 	测试结果[Pass]	用时[0.0 seconds]	用例[1[3]]
2016-09-06 14:03:05 	测试结果[Pass]	用时[2.53 seconds]	用例[2[asdf]]
2016-09-06 14:03:15 	测试结果[Fail]	用时[10.3 seconds]	用例[3[]]
2016-09-06 19:45:21 	测试结果[Pass]	用时[0.06 seconds]	用例[1[3]]
2016-09-06 19:45:23 	测试结果[Pass]	用时[2.55 seconds]	用例[2[asdf]]
2016-09-06 19:45:34 	测试结果[Fail]	用时[10.42 seconds]	用例[3[]]
2016-09-06 19:46:11 	测试结果[Pass]	用时[0.04 seconds]	用例[1[3]]
2016-09-06 19:46:14 	测试结果[Pass]	用时[3.38 seconds]	用例[2[asdf]]
2016-09-06 19:46:15 	测试结果[Pass]	用时[0.74 seconds]	用例[3[]]
2016-09-06 19:46:40 	测试结果[Pass]	用时[0.02 seconds]	用例[1[3]]
2016-09-06 19:46:44 	测试结果[Pass]	用时[3.33 seconds]	用例[2[asdf]]
2016-09-06 19:46:45 	测试结果[Pass]	用时[0.88 seconds]	用例[3[]]
2016-09-06 19:47:28 	测试结果[Pass]	用时[0.02 seconds]	用例[1[3]]
2016-09-06 19:47:32 	测试结果[Pass]	用时[3.74 seconds]	用例[2[asdf]]
2016-09-06 19:47:42 	测试结果[Fail]	用时[10.4 seconds]	用例[3[]]
2016-09-06 20:11:10 	测试结果[Pass]	用时[0.02 seconds]	用例[1[3]]
2016-09-06 20:11:13 	测试结果[Pass]	用时[3.59 seconds]	用例[2[asdf]]
2016-09-06 20:11:24 	测试结果[Fail]	用时[10.51 seconds]	用例[3[]]
2016-09-07 10:38:46 	测试结果[Pass]	用时[0.0 seconds]	用例[1[3]]
2016-09-07 10:38:50 	测试结果[Pass]	用时[3.53 seconds]	用例[2[asdf]]
2016-09-07 10:39:00 	测试结果[Fail]	用时[10.32 seconds]	用例[3[]]
2016-09-07 11:51:56 	测试结果[Pass]	用时[0.0 seconds]	用例[1[3]]
2016-09-07 11:51:58 	测试结果[Pass]	用时[2.52 seconds]	用例[2[asdf]]
2016-09-07 11:52:09 	测试结果[Fail]	用时[10.37 seconds]	用例[3[]]
2016-09-07 13:50:18 	测试结果[Pass]	用时[0.0 seconds]	用例[1[3]]
2016-09-07 13:50:22 	测试结果[Pass]	用时[3.62 seconds]	用例[2[asdf]]
2016-09-07 13:50:32 	测试结果[Fail]	用时[10.39 seconds]	用例[3[]]
2016-09-07 13:50:48 	测试结果[Pass]	用时[0.0 seconds]	用例[1[3]]
2016-09-07 14:02:38 	测试结果[Pass]	用时[0.0 seconds]	用例[1[3]]
2016-09-07 14:02:41 	测试结果[Pass]	用时[3.51 seconds]	用例[2[asdf]]
2016-09-12 10:05:27 	测试结果[Pass]	用时[0.06 seconds]	用例[1[3]]
2016-09-12 10:05:31 	测试结果[Pass]	用时[3.3 seconds]	用例[2[asdf]]
2016-09-12 10:05:41 	测试结果[Fail]	用时[10.4 seconds]	用例[3[]]
2016-09-12 10:06:18 	测试结果[Pass]	用时[0.06 seconds]	用例[1[3]]
2016-09-12 10:06:21 	测试结果[Pass]	用时[3.34 seconds]	用例[2[asdf]]
2016-09-12 10:06:22 	测试结果[Pass]	用时[0.86 seconds]	用例[3[]]
2016-09-12 10:10:48 	测试结果[Pass]	用时[0.0 seconds]	用例[1[3]]
2016-09-12 10:30:59 	测试结果[Pass]	用时[0.06 seconds]	用例[1[3]]
2016-09-12 10:31:37 	测试结果[Fail]	用时[0.08 seconds]	用例[3[]]
2016-09-12 10:44:15 	测试结果[Pass]	用时[0.03 seconds]	用例[1[3]]
2016-09-12 10:44:18 	测试结果[Pass]	用时[3.27 seconds]	用例[2[asdf]]
2016-09-12 10:44:28 	测试结果[Fail]	用时[10.41 seconds]	用例[3[]]
2016-09-12 10:53:31 	测试结果[Pass]	用时[0.03 seconds]	用例[1[3]]
2016-09-12 10:53:35 	测试结果[Pass]	用时[3.58 seconds]	用例[2[asdf]]
2016-09-12 10:53:45 	测试结果[Fail]	用时[10.42 seconds]	用例[3[]]
2016-09-12 11:00:05 	测试结果[Pass]	用时[0.1 seconds]	用例[4[3]]
2016-09-12 11:00:09 	测试结果[Pass]	用时[3.56 seconds]	用例[5[asdf]]
2016-09-12 11:00:20 	测试结果[Fail]	用时[11.01 seconds]	用例[6[]]
2016-09-12 11:00:20 	测试结果[Pass]	用时[0.13 seconds]	用例[1[3]]
2016-09-12 11:00:24 	测试结果[Pass]	用时[3.73 seconds]	用例[2[asdf]]
2016-09-12 11:00:35 	测试结果[Fail]	用时[10.69 seconds]	用例[3[]]
2016-09-12 11:09:42 	测试结果[Pass]	用时[0.1 seconds]	用例[4[3]]
2016-09-12 11:09:46 	测试结果[Pass]	用时[4.06 seconds]	用例[5[asdf]]
2016-09-12 11:09:57 	测试结果[Fail]	用时[10.55 seconds]	用例[6[]]
2016-09-12 11:09:57 	测试结果[Pass]	用时[0.1 seconds]	用例[1[3]]
2016-09-12 11:37:20 	测试结果[Pass]	用时[0.1 seconds]	用例[4[3]]
2016-09-12 11:37:24 	测试结果[Pass]	用时[3.78 seconds]	用例[5[asdf]]
2016-09-12 11:38:29 	测试结果[Pass]	用时[0.11 seconds]	用例[4[3]]
2016-09-12 11:38:33 	测试结果[Pass]	用时[3.74 seconds]	用例[5[asdf]]
2016-09-12 11:38:46 	测试结果[Pass]	用时[0.11 seconds]	用例[4[3]]
2016-09-12 11:40:21 	测试结果[Pass]	用时[0.1 seconds]	用例[4[3]]
2016-09-12 11:40:25 	测试结果[Pass]	用时[3.68 seconds]	用例[5[asdf]]
2016-09-12 11:41:09 	测试结果[Pass]	用时[0.11 seconds]	用例[4[3]]
2016-09-12 11:41:13 	测试结果[Pass]	用时[3.78 seconds]	用例[5[asdf]]
2016-09-12 11:41:24 	测试结果[Fail]	用时[10.69 seconds]	用例[6[]]
2016-09-12 11:41:24 	测试结果[Pass]	用时[0.1 seconds]	用例[1[3]]
2016-09-12 11:41:28 	测试结果[Pass]	用时[3.7 seconds]	用例[2[asdf]]
2016-09-12 11:41:38 	测试结果[Fail]	用时[10.67 seconds]	用例[3[]]
2016-09-12 11:42:17 	测试结果[Pass]	用时[0.11 seconds]	用例[4[3]]
2016-09-12 11:42:22 	测试结果[Pass]	用时[4.24 seconds]	用例[5[asdf]]
2016-09-12 11:42:23 	测试结果[Pass]	用时[1.14 seconds]	用例[6[]]
2016-09-12 11:42:23 	测试结果[Pass]	用时[0.05 seconds]	用例[1[3]]
2016-09-12 11:42:27 	测试结果[Pass]	用时[3.69 seconds]	用例[2[asdf]]
2016-09-12 11:42:37 	测试结果[Fail]	用时[10.44 seconds]	用例[3[]]
2016-09-13 15:05:19 	测试结果[Pass]	用时[0.1 seconds]	用例[4[3]]
2016-09-13 15:05:23 	测试结果[Pass]	用时[4.12 seconds]	用例[5[asdf]]
2016-09-13 15:05:24 	测试结果[Pass]	用时[0.69 seconds]	用例[6[]]
2016-09-13 15:05:24 	测试结果[Pass]	用时[0.02 seconds]	用例[1[3]]
2016-09-13 15:05:27 	测试结果[Pass]	用时[2.42 seconds]	用例[2[asdf]]
2016-09-13 15:05:37 	测试结果[Fail]	用时[10.46 seconds]	用例[3[]]
2016-09-13 15:12:08 	测试结果[Pass]	用时[0.0 seconds]	用例[1[3]]
2016-09-13 15:12:47 	测试结果[Pass]	用时[0.0 seconds]	用例[1[3]]
2016-09-13 15:12:51 	测试结果[Pass]	用时[3.73 seconds]	用例[2[asdf]]
2016-09-13 15:13:01 	测试结果[Fail]	用时[10.32 seconds]	用例[3[]]
2016-09-13 15:29:20 	测试结果[Pass]	用时[0.05 seconds]	用例[1[3]]
2016-09-13 15:29:23 	测试结果[Pass]	用时[3.45 seconds]	用例[2[asdf]]
2016-09-13 15:29:24 	测试结果[Pass]	用时[0.83 seconds]	用例[3[]]
2016-09-13 15:30:29 	测试结果[Pass]	用时[0.04 seconds]	用例[1[3]]
2016-09-13 15:30:33 	测试结果[Pass]	用时[3.56 seconds]	用例[2[asdf]]
2016-09-13 15:30:43 	测试结果[Fail]	用时[10.53 seconds]	用例[3[]]
2016-09-13 15:38:30 	测试结果[Pass]	用时[0.04 seconds]	用例[1[3]]
2016-09-13 15:38:33 	测试结果[Pass]	用时[2.88 seconds]	用例[2[asdf]]
2016-09-13 15:38:44 	测试结果[Fail]	用时[10.47 seconds]	用例[3[]]
2016-09-13 16:16:05 	测试结果[Pass]	用时[0.0 seconds]	用例[1[3]]
2016-09-13 16:21:46 	测试结果[Pass]	用时[0.05 seconds]	用例[1[3]]
2016-09-13 16:21:50 	测试结果[Pass]	用时[3.8 seconds]	用例[2[asdf]]
2016-09-13 16:22:00 	测试结果[Fail]	用时[10.35 seconds]	用例[3[]]
2016-09-13 16:25:11 	测试结果[Pass]	用时[0.03 seconds]	用例[1[3]]
2016-09-13 16:25:15 	测试结果[Pass]	用时[3.84 seconds]	用例[2[asdf]]
2016-09-13 16:25:25 	测试结果[Fail]	用时[10.29 seconds]	用例[3[]]
2016-09-13 16:26:30 	测试结果[Pass]	用时[0.06 seconds]	用例[1[3]]
2016-09-13 16:26:32 	测试结果[Pass]	用时[2.69 seconds]	用例[2[asdf]]
2016-09-13 16:26:43 	测试结果[Fail]	用时[10.4 seconds]	用例[3[]]
2016-09-13 16:29:12 	测试结果[Pass]	用时[0.06 seconds]	用例[1[3]]
2016-09-13 16:29:21 	测试结果[Pass]	用时[0.03 seconds]	用例[1[3]]
2016-09-13 16:29:24 	测试结果[Pass]	用时[3.69 seconds]	用例[2[asdf]]
2016-09-13 16:30:26 	测试结果[Pass]	用时[0.03 seconds]	用例[1[3]]
2016-09-13 16:30:31 	测试结果[Pass]	用时[0.04 seconds]	用例[1[3]]
2016-09-13 16:30:34 	测试结果[Pass]	用时[2.79 seconds]	用例[2[asdf]]
2016-09-13 16:30:58 	测试结果[Pass]	用时[3.98 seconds]	用例[2[asdf]]
2016-09-13 16:31:00 	测试结果[Pass]	用时[0.03 seconds]	用例[1[3]]
2016-09-13 16:31:07 	测试结果[Pass]	用时[3.34 seconds]	用例[2[asdf]]
2016-09-13 16:31:07 	测试结果[Pass]	用时[0.01 seconds]	用例[1[3]]
2016-09-13 16:36:50 	测试结果[Pass]	用时[0.03 seconds]	用例[1[3]]
2016-09-13 16:36:55 	测试结果[Pass]	用时[0.02 seconds]	用例[1[3]]
2016-09-13 16:37:01 	测试结果[Pass]	用时[6.82 seconds]	用例[2[asdf]]
2016-09-13 18:01:23 	测试结果[Pass]	用时[0.0 seconds]	用例[1[3]]
2016-09-13 19:44:47 	测试结果[Pass]	用时[0.09 seconds]	用例[4[3]]
2016-09-13 19:44:51 	测试结果[Pass]	用时[3.74 seconds]	用例[5[asdf]]
2016-09-13 19:45:01 	测试结果[Fail]	用时[10.48 seconds]	用例[6[]]
2016-09-13 19:45:02 	测试结果[Pass]	用时[0.03 seconds]	用例[1[3]]
2016-09-13 19:45:04 	测试结果[Pass]	用时[2.75 seconds]	用例[2[asdf]]
2016-09-13 19:45:15 	测试结果[Fail]	用时[10.41 seconds]	用例[3[]]
2016-09-13 20:06:25 	测试结果[Pass]	用时[0.11 seconds]	用例[1[3]]
2016-09-13 20:06:33 	测试结果[Pass]	用时[0.09 seconds]	用例[1[3]]
2016-09-13 20:06:36 	测试结果[Pass]	用时[2.85 seconds]	用例[2[asdf]]
2016-09-13 20:07:11 	测试结果[Pass]	用时[0.11 seconds]	用例[1[3]]
2016-09-13 20:07:15 	测试结果[Pass]	用时[3.0 seconds]	用例[2[asdf]]
2016-09-13 20:07:16 	测试结果[Pass]	用时[0.81 seconds]	用例[3[]]
2016-09-13 20:07:53 	测试结果[Pass]	用时[0.17 seconds]	用例[1[3]]
2016-09-13 20:07:55 	测试结果[Pass]	用时[2.63 seconds]	用例[2[asdf]]
2016-09-13 20:07:56 	测试结果[Pass]	用时[0.63 seconds]	用例[3[]]
2016-09-13 20:08:04 	测试结果[Pass]	用时[0.1 seconds]	用例[1[3]]
2016-09-13 20:08:08 	测试结果[Pass]	用时[3.87 seconds]	用例[2[asdf]]
2016-09-13 20:08:18 	测试结果[Fail]	用时[10.72 seconds]	用例[3[]]
2016-09-13 20:08:52 	测试结果[Pass]	用时[0.06 seconds]	用例[1[3]]
2016-09-13 20:08:56 	测试结果[Pass]	用时[3.81 seconds]	用例[2[asdf]]
2016-09-13 20:09:06 	测试结果[Fail]	用时[10.43 seconds]	用例[3[]]
2016-09-13 20:10:24 	测试结果[Pass]	用时[0.07 seconds]	用例[1[3]]
2016-09-13 20:10:32 	测试结果[Pass]	用时[0.03 seconds]	用例[1[3]]
2016-09-13 20:10:38 	测试结果[Pass]	用时[0.03 seconds]	用例[1[3]]
2016-09-13 20:10:44 	测试结果[Pass]	用时[0.08 seconds]	用例[1[3]]
2016-09-13 20:10:46 	测试结果[Pass]	用时[2.33 seconds]	用例[2[asdf]]
2016-09-13 20:10:47 	测试结果[Pass]	用时[0.46 seconds]	用例[3[]]
2016-09-13 20:15:55 	测试结果[Pass]	用时[0.04 seconds]	用例[1[3]]
2016-09-13 20:16:55 	测试结果[Pass]	用时[0.04 seconds]	用例[1[3]]
2016-09-13 20:16:58 	测试结果[Pass]	用时[0.05 seconds]	用例[1[3]]
2016-09-13 20:17:11 	测试结果[Pass]	用时[0.05 seconds]	用例[1[3]]
2016-09-13 20:27:21 	测试结果[Pass]	用时[0.0 seconds]	用例[1[3]]
2016-09-13 20:35:51 	测试结果[Pass]	用时[0.12 seconds]	用例[1[3]]
2016-09-13 20:35:54 	测试结果[Pass]	用时[2.65 seconds]	用例[2[asdf]]
2016-09-13 20:37:28 	测试结果[Pass]	用时[0.06 seconds]	用例[1[3]]
2016-09-13 20:37:32 	测试结果[Pass]	用时[3.76 seconds]	用例[2[asdf]]
2016-09-13 20:37:43 	测试结果[Fail]	用时[10.53 seconds]	用例[3[]]
2016-09-13 20:39:17 	测试结果[Pass]	用时[0.04 seconds]	用例[1[3]]
2016-09-13 20:39:20 	测试结果[Pass]	用时[3.69 seconds]	用例[2[asdf]]
2016-09-13 20:39:21 	测试结果[Fail]	用时[0.36 seconds]	用例[3[]]
2016-09-13 20:43:56 	测试结果[Pass]	用时[0.05 seconds]	用例[1[3]]
2016-09-13 20:43:59 	测试结果[Pass]	用时[2.82 seconds]	用例[2[asdf]]
2016-09-13 20:44:09 	测试结果[Fail]	用时[10.46 seconds]	用例[3[]]
2016-09-13 20:54:38 	测试结果[Pass]	用时[0.05 seconds]	用例[1[3]]
2016-09-13 20:54:42 	测试结果[Pass]	用时[3.77 seconds]	用例[2[asdf]]
2016-09-13 20:54:52 	测试结果[Fail]	用时[10.39 seconds]	用例[3[]]
2016-09-13 20:56:05 	测试结果[Pass]	用时[0.04 seconds]	用例[1[3]]
2016-09-13 20:56:16 	测试结果[Pass]	用时[3.37 seconds]	用例[2[asdf]]
2016-09-13 20:57:25 	测试结果[Pass]	用时[0.05 seconds]	用例[1[3]]
2016-09-13 20:57:29 	测试结果[Pass]	用时[3.9 seconds]	用例[2[asdf]]
2016-09-14 10:02:12 	测试结果[Pass]	用时[0.06 seconds]	用例[1[3]]
2016-09-14 10:02:16 	测试结果[Pass]	用时[3.33 seconds]	用例[2[asdf]]
2016-09-14 10:02:26 	测试结果[Fail]	用时[10.42 seconds]	用例[3[]]
2016-09-14 10:03:28 	测试结果[Pass]	用时[0.05 seconds]	用例[1[3]]
2016-09-14 10:03:32 	测试结果[Pass]	用时[3.99 seconds]	用例[2[asdf]]
2016-09-14 10:04:27 	测试结果[Pass]	用时[0.03 seconds]	用例[1[3]]
2016-09-14 10:04:32 	测试结果[Pass]	用时[4.2 seconds]	用例[2[asdf]]
2016-09-14 10:04:35 	测试结果[Fail]	用时[3.66 seconds]	用例[3[]]
2016-09-14 10:04:35 	测试结果[Pass]	用时[0.01 seconds]	用例[1[3]]
2016-09-14 10:04:39 	测试结果[Pass]	用时[3.75 seconds]	用例[2[asdf]]
2016-09-14 10:04:50 	测试结果[Fail]	用时[10.41 seconds]	用例[3[]]
2016-09-14 10:05:25 	测试结果[Pass]	用时[0.05 seconds]	用例[1[3]]
2016-09-14 10:05:29 	测试结果[Pass]	用时[3.78 seconds]	用例[2[asdf]]
2016-09-14 10:05:39 	测试结果[Fail]	用时[10.42 seconds]	用例[3[]]
2016-09-14 10:06:21 	测试结果[Pass]	用时[0.06 seconds]	用例[1[3]]
2016-09-14 10:06:25 	测试结果[Pass]	用时[3.68 seconds]	用例[2[asdf]]
2016-09-14 10:06:36 	测试结果[Fail]	用时[10.49 seconds]	用例[3[]]
2016-09-14 10:09:22 	测试结果[Pass]	用时[0.1 seconds]	用例[1[3]]
2016-09-14 10:09:26 	测试结果[Pass]	用时[3.82 seconds]	用例[2[asdf]]
2016-09-14 10:09:38 	测试结果[Fail]	用时[11.31 seconds]	用例[3[]]
2016-09-14 10:11:35 	测试结果[Pass]	用时[0.05 seconds]	用例[1[3]]
2016-09-14 10:11:38 	测试结果[Pass]	用时[3.63 seconds]	用例[2[asdf]]
2016-09-14 10:11:39 	测试结果[Fail]	用时[0.82 seconds]	用例[3[]]
2016-09-14 10:12:31 	测试结果[Pass]	用时[0.05 seconds]	用例[1[3]]
2016-09-14 10:12:35 	测试结果[Pass]	用时[3.39 seconds]	用例[2[asdf]]
2016-09-14 10:12:45 	测试结果[Fail]	用时[10.48 seconds]	用例[3[]]
2016-09-14 10:16:19 	测试结果[Pass]	用时[0.06 seconds]	用例[1[3]]
2016-09-14 10:16:22 	测试结果[Pass]	用时[3.62 seconds]	用例[2[asdf]]
2016-09-14 10:16:23 	测试结果[Fail]	用时[0.47 seconds]	用例[3[]]
2016-09-14 10:17:44 	测试结果[Pass]	用时[0.05 seconds]	用例[1[3]]
2016-09-14 10:18:49 	测试结果[Pass]	用时[1.04 seconds]	用例[1[3]]
2016-09-14 10:18:53 	测试结果[Pass]	用时[3.69 seconds]	用例[2[asdf]]
2016-09-14 10:18:55 	测试结果[Fail]	用时[1.73 seconds]	用例[3[]]
2016-09-14 10:19:24 	测试结果[Pass]	用时[0.56 seconds]	用例[1[3]]
2016-09-14 10:23:22 	测试结果[Pass]	用时[0.04 seconds]	用例[1[3]]
2016-09-14 10:24:17 	测试结果[Pass]	用时[0.07 seconds]	用例[1[3]]
2016-09-14 10:26:45 	测试结果[Pass]	用时[0.05 seconds]	用例[1[3]]
2016-09-14 10:26:49 	测试结果[Pass]	用时[3.91 seconds]	用例[2[asdf]]
2016-09-14 10:27:17 	测试结果[Pass]	用时[0.04 seconds]	用例[1[3]]
2016-09-14 10:29:22 	测试结果[Pass]	用时[0.05 seconds]	用例[1[3]]
2016-09-14 10:33:20 	测试结果[Pass]	用时[0.05 seconds]	用例[1[3]]
2016-09-14 10:33:23 	测试结果[Pass]	用时[2.72 seconds]	用例[2[asdf]]
2016-09-14 10:33:33 	测试结果[Fail]	用时[10.45 seconds]	用例[3[]]
2016-09-14 10:36:22 	测试结果[Pass]	用时[0.06 seconds]	用例[1[3]]
2016-09-14 10:36:26 	测试结果[Pass]	用时[3.54 seconds]	用例[2[asdf]]
2016-09-14 10:41:50 	测试结果[Pass]	用时[0.05 seconds]	用例[1[3]]
2016-09-14 10:41:52 	测试结果[Pass]	用时[2.61 seconds]	用例[2[asdf]]
2016-09-14 10:43:22 	测试结果[Pass]	用时[0.05 seconds]	用例[1[3]]
2016-09-14 10:43:25 	测试结果[Pass]	用时[2.3 seconds]	用例[2[asdf]]
2016-09-14 10:43:35 	测试结果[Fail]	用时[10.47 seconds]	用例[3[]]
2016-09-14 10:45:09 	测试结果[Pass]	用时[0.05 seconds]	用例[1[3]]
2016-09-14 10:45:11 	测试结果[Pass]	用时[2.15 seconds]	用例[2[asdf]]
2016-09-14 10:46:13 	测试结果[Pass]	用时[0.05 seconds]	用例[1[3]]
2016-09-14 10:46:16 	测试结果[Pass]	用时[3.29 seconds]	用例[2[asdf]]
2016-09-14 10:47:50 	测试结果[Pass]	用时[0.06 seconds]	用例[1[3]]
2016-09-14 10:47:53 	测试结果[Pass]	用时[3.42 seconds]	用例[2[asdf]]
2016-09-14 10:47:54 	测试结果[Fail]	用时[0.39 seconds]	用例[3[]]
2016-09-14 10:49:05 	测试结果[Pass]	用时[0.04 seconds]	用例[1[3]]
2016-09-14 10:49:08 	测试结果[Pass]	用时[2.41 seconds]	用例[2[asdf]]
2016-09-14 10:50:28 	测试结果[Pass]	用时[0.04 seconds]	用例[1[3]]
2016-09-14 10:50:30 	测试结果[Pass]	用时[2.57 seconds]	用例[2[asdf]]
2016-09-14 10:59:52 	测试结果[Pass]	用时[0.05 seconds]	用例[1[3]]
2016-09-14 10:59:55 	测试结果[Pass]	用时[3.34 seconds]	用例[2[asdf]]
2016-09-14 10:59:56 	测试结果[Fail]	用时[0.7 seconds]	用例[3[]]
2016-09-14 11:01:28 	测试结果[Pass]	用时[0.06 seconds]	用例[1[3]]
2016-09-14 11:08:39 	测试结果[Pass]	用时[0.06 seconds]	用例[1[3]]
2016-09-14 11:10:51 	测试结果[Pass]	用时[0.03 seconds]	用例[1[3]]
2016-09-14 11:11:55 	测试结果[Pass]	用时[0.05 seconds]	用例[1[3]]
2016-09-14 11:11:59 	测试结果[Pass]	用时[3.16 seconds]	用例[2[asdf]]
2016-09-14 11:12:09 	测试结果[Fail]	用时[10.42 seconds]	用例[3[]]
2016-09-14 11:25:25 	测试结果[Pass]	用时[0.04 seconds]	用例[1[3]]
2016-09-14 11:25:29 	测试结果[Pass]	用时[3.8 seconds]	用例[2[asdf]]
2016-09-14 11:25:29 	测试结果[Fail]	用时[0.27 seconds]	用例[3[]]
2016-09-14 11:25:43 	测试结果[Pass]	用时[0.05 seconds]	用例[4[3]]
2016-09-14 11:25:46 	测试结果[Pass]	用时[2.64 seconds]	用例[5[asdf]]
2016-09-14 11:25:57 	测试结果[Fail]	用时[10.42 seconds]	用例[6[]]
2016-09-14 11:25:57 	测试结果[Pass]	用时[0.04 seconds]	用例[1[3]]
2016-09-14 11:25:59 	测试结果[Pass]	用时[2.22 seconds]	用例[2[asdf]]
2016-09-14 11:26:00 	测试结果[Fail]	用时[0.75 seconds]	用例[3[]]
2016-09-14 11:31:27 	测试结果[Pass]	用时[0.05 seconds]	用例[1[3]]
2016-09-14 11:31:31 	测试结果[Pass]	用时[3.64 seconds]	用例[2[asdf]]
2016-09-14 11:31:42 	测试结果[Fail]	用时[10.43 seconds]	用例[3[]]
2016-09-14 11:40:40 	测试结果[Pass]	用时[0.05 seconds]	用例[1[3]]
2016-09-14 11:40:43 	测试结果[Pass]	用时[3.19 seconds]	用例[2[asdf]]
2016-09-14 11:40:58 	测试结果[Fail]	用时[0.75 seconds]	用例[3[]]
2016-09-14 11:41:16 	测试结果[Fail]	用时[3.16 seconds]	用例[3[]]
2016-09-14 11:41:31 	测试结果[Pass]	用时[3.41 seconds]	用例[2[asdf]]
2016-09-14 11:41:39 	测试结果[Fail]	用时[0.49 seconds]	用例[3[]]
2016-09-14 11:42:23 	测试结果[Pass]	用时[3.4 seconds]	用例[2[asdf]]
2016-09-14 11:42:29 	测试结果[Fail]	用时[0.44 seconds]	用例[3[]]
2016-09-14 13:50:07 	测试结果[Pass]	用时[0.0 seconds]	用例[1[3]]
2016-09-14 13:54:05 	测试结果[Pass]	用时[0.0 seconds]	用例[1[3]]
2016-09-14 14:27:35 	测试结果[Pass]	用时[0.0 seconds]	用例[1[3]]
2016-09-18 09:44:41 	测试结果[Pass]	用时[0.04 seconds]	用例[1[3]]
2016-09-18 09:44:45 	测试结果[Pass]	用时[3.8 seconds]	用例[2[asdf]]
2016-09-18 09:44:55 	测试结果[Fail]	用时[0.47 seconds]	用例[3[]]
2016-09-18 11:59:07 	测试结果[Pass]	用时[0.06 seconds]	用例[1[3]]
2016-09-18 11:59:11 	测试结果[Pass]	用时[3.7 seconds]	用例[2[asdf]]
2016-09-18 11:59:12 	测试结果[Fail]	用时[0.42 seconds]	用例[3[]]
2016-09-18 13:44:55 	测试结果[Pass]	用时[0.05 seconds]	用例[4[3]]
2016-09-18 13:44:59 	测试结果[Pass]	用时[3.49 seconds]	用例[5[asdf]]
2016-09-18 13:44:59 	测试结果[Pass]	用时[0.69 seconds]	用例[6[]]
2016-09-18 13:45:00 	测试结果[Pass]	用时[0.04 seconds]	用例[1[3]]
2016-09-18 13:45:03 	测试结果[Pass]	用时[3.37 seconds]	用例[2[asdf]]
2016-09-18 13:45:04 	测试结果[Fail]	用时[0.38 seconds]	用例[3[]]
2016-09-18 13:45:04 	测试结果[Fail]	用时[0.11 seconds]	用例[ATP-1[自动登录教学中心]]
2016-09-18 13:46:54 	测试结果[Pass]	用时[0.03 seconds]	用例[1[3]]
2016-09-18 13:46:57 	测试结果[Pass]	用时[3.26 seconds]	用例[2[asdf]]
2016-09-18 13:46:58 	测试结果[Fail]	用时[0.71 seconds]	用例[3[]]
2016-09-18 14:23:16 	测试结果[Pass]	用时[0.06 seconds]	用例[1[3]]
2016-09-18 14:23:19 	测试结果[Pass]	用时[2.35 seconds]	用例[2[asdf]]
2016-09-18 14:23:19 	测试结果[Fail]	用时[0.37 seconds]	用例[3[]]
2016-09-18 16:39:48 	测试结果[Pass]	用时[0.0 seconds]	用例[1[3]]
2016-09-18 16:57:53 	测试结果[Pass]	用时[0.0 seconds]	用例[1[3]]
2016-09-18 17:05:34 	测试结果[Pass]	用时[0.0 seconds]	用例[1[3]]
2016-09-18 17:23:16 	测试结果[Pass]	用时[0.0 seconds]	用例[1[3]]
2016-09-19 15:33:39 	测试结果[Pass]	用时[0.0 seconds]	用例[1[3]]
2016-09-19 15:38:15 	测试结果[Pass]	用时[0.06 seconds]	用例[1[3]]
2016-09-19 15:38:19 	测试结果[Pass]	用时[3.39 seconds]	用例[2[asdf]]
2016-09-19 15:38:19 	测试结果[Fail]	用时[0.49 seconds]	用例[3[]]
2016-09-19 15:48:40 	测试结果[Pass]	用时[0.04 seconds]	用例[1[3]]
2016-09-19 15:48:43 	测试结果[Pass]	用时[2.36 seconds]	用例[2[asdf]]
2016-09-19 15:48:43 	测试结果[Fail]	用时[0.45 seconds]	用例[3[]]
2016-09-19 15:57:20 	测试结果[Pass]	用时[0.06 seconds]	用例[1[3]]
2016-09-19 15:57:23 	测试结果[Pass]	用时[2.48 seconds]	用例[2[asdf]]
2016-09-19 15:57:43 	测试结果[Pass]	用时[0.04 seconds]	用例[1[3]]
2016-09-19 15:57:46 	测试结果[Pass]	用时[3.35 seconds]	用例[2[asdf]]
2016-09-19 15:57:47 	测试结果[Fail]	用时[0.56 seconds]	用例[3[]]
2016-09-19 15:58:06 	测试结果[Pass]	用时[0.06 seconds]	用例[1[3]]
2016-09-19 15:58:09 	测试结果[Pass]	用时[2.99 seconds]	用例[2[asdf]]
2016-09-19 15:58:34 	测试结果[Pass]	用时[0.03 seconds]	用例[1[3]]
2016-09-19 15:58:38 	测试结果[Pass]	用时[3.63 seconds]	用例[2[asdf]]
2016-09-19 15:58:39 	测试结果[Fail]	用时[0.68 seconds]	用例[3[]]
2016-09-19 15:58:42 	测试结果[Pass]	用时[0.04 seconds]	用例[1[3]]
2016-09-19 15:58:46 	测试结果[Pass]	用时[3.39 seconds]	用例[2[asdf]]
2016-09-19 15:58:46 	测试结果[Fail]	用时[0.46 seconds]	用例[3[]]
2016-09-19 15:59:37 	测试结果[Pass]	用时[0.05 seconds]	用例[1[3]]
2016-09-19 15:59:41 	测试结果[Pass]	用时[3.22 seconds]	用例[2[asdf]]
2016-09-19 15:59:41 	测试结果[Fail]	用时[0.45 seconds]	用例[3[]]
2016-09-19 15:59:50 	测试结果[Pass]	用时[0.05 seconds]	用例[1[3]]
2016-09-19 15:59:53 	测试结果[Pass]	用时[3.36 seconds]	用例[2[asdf]]
2016-09-19 15:59:54 	测试结果[Fail]	用时[0.64 seconds]	用例[3[]]
2016-09-19 15:59:59 	测试结果[Pass]	用时[0.05 seconds]	用例[1[3]]
2016-09-19 16:00:04 	测试结果[Fail]	用时[0.17 seconds]	用例[3[]]
2016-09-19 16:00:20 	测试结果[Fail]	用时[10.46 seconds]	用例[3[]]
2016-09-19 16:00:39 	测试结果[Fail]	用时[10.5 seconds]	用例[3[]]
2016-09-19 16:00:45 	测试结果[Pass]	用时[0.07 seconds]	用例[1[3]]
2016-09-19 16:00:56 	测试结果[Pass]	用时[0.05 seconds]	用例[1[3]]
2016-09-19 16:00:58 	测试结果[Pass]	用时[2.4 seconds]	用例[2[asdf]]
2016-09-19 16:00:59 	测试结果[Fail]	用时[0.69 seconds]	用例[3[]]
2016-09-19 16:01:11 	测试结果[Pass]	用时[0.06 seconds]	用例[1[3]]
2016-09-19 16:01:14 	测试结果[Pass]	用时[0.05 seconds]	用例[1[3]]
2016-09-19 16:01:20 	测试结果[Pass]	用时[0.05 seconds]	用例[1[3]]
2016-09-19 16:01:23 	测试结果[Pass]	用时[3.4 seconds]	用例[2[asdf]]
2016-09-19 16:01:34 	测试结果[Fail]	用时[10.43 seconds]	用例[3[]]
2016-09-19 16:01:34 	测试结果[Pass]	用时[0.06 seconds]	用例[1[3]]
2016-09-19 16:01:38 	测试结果[Pass]	用时[3.57 seconds]	用例[2[asdf]]
2016-09-19 16:02:57 	测试结果[Pass]	用时[0.05 seconds]	用例[1[3]]
2016-09-19 16:03:00 	测试结果[Pass]	用时[2.4 seconds]	用例[2[asdf]]
2016-09-19 16:03:01 	测试结果[Fail]	用时[0.66 seconds]	用例[3[]]
2016-09-19 16:03:07 	测试结果[Pass]	用时[0.05 seconds]	用例[1[3]]
2016-09-19 16:04:25 	测试结果[Pass]	用时[0.05 seconds]	用例[1[3]]
2016-09-19 16:04:28 	测试结果[Pass]	用时[3.43 seconds]	用例[2[asdf]]
2016-09-19 16:04:29 	测试结果[Fail]	用时[0.72 seconds]	用例[3[]]
2016-09-19 16:04:49 	测试结果[Pass]	用时[0.04 seconds]	用例[1[3]]
2016-09-19 16:05:49 	测试结果[Pass]	用时[0.04 seconds]	用例[1[3]]
2016-09-19 16:05:52 	测试结果[Pass]	用时[3.35 seconds]	用例[2[asdf]]
2016-09-19 16:05:53 	测试结果[Fail]	用时[0.37 seconds]	用例[3[]]
2016-09-19 16:06:03 	测试结果[Pass]	用时[0.05 seconds]	用例[1[3]]
2016-09-19 16:07:32 	测试结果[Pass]	用时[0.04 seconds]	用例[1[3]]
2016-09-19 16:07:34 	测试结果[Pass]	用时[2.53 seconds]	用例[2[asdf]]
2016-09-19 16:07:51 	测试结果[Pass]	用时[0.07 seconds]	用例[1[3]]
2016-09-19 16:07:53 	测试结果[Pass]	用时[2.38 seconds]	用例[2[asdf]]
2016-09-19 16:07:54 	测试结果[Fail]	用时[0.47 seconds]	用例[3[]]
2016-09-19 16:08:52 	测试结果[Pass]	用时[0.05 seconds]	用例[1[3]]
2016-09-19 16:10:36 	测试结果[Pass]	用时[0.08 seconds]	用例[1[3]]
2016-09-19 16:10:39 	测试结果[Pass]	用时[3.52 seconds]	用例[2[asdf]]
2016-09-19 16:10:50 	测试结果[Fail]	用时[10.42 seconds]	用例[3[]]
2016-09-19 16:11:03 	测试结果[Pass]	用时[0.06 seconds]	用例[1[3]]
2016-09-19 16:11:33 	测试结果[Pass]	用时[0.03 seconds]	用例[1[3]]
2016-09-19 16:11:36 	测试结果[Pass]	用时[2.77 seconds]	用例[2[asdf]]
2016-09-19 16:11:36 	测试结果[Fail]	用时[0.35 seconds]	用例[3[]]
2016-09-19 16:11:55 	测试结果[Pass]	用时[0.08 seconds]	用例[1[3]]
2016-09-19 16:12:26 	测试结果[Pass]	用时[3.32 seconds]	用例[2[asdf]]
2016-09-19 16:12:49 	测试结果[Pass]	用时[0.06 seconds]	用例[1[3]]
2016-09-19 16:13:09 	测试结果[Pass]	用时[0.05 seconds]	用例[1[3]]
2016-09-19 16:13:13 	测试结果[Pass]	用时[3.52 seconds]	用例[2[asdf]]
2016-09-19 16:13:33 	测试结果[Pass]	用时[0.05 seconds]	用例[1[3]]
2016-09-19 16:13:35 	测试结果[Pass]	用时[2.31 seconds]	用例[2[asdf]]
2016-09-19 16:13:36 	测试结果[Fail]	用时[0.39 seconds]	用例[3[]]
2016-09-19 16:13:44 	测试结果[Pass]	用时[0.04 seconds]	用例[1[3]]
2016-09-19 16:13:51 	测试结果[Pass]	用时[3.27 seconds]	用例[2[asdf]]
2016-09-19 16:13:56 	测试结果[Pass]	用时[0.04 seconds]	用例[1[3]]
2016-09-19 16:14:02 	测试结果[Pass]	用时[0.05 seconds]	用例[1[3]]
2016-09-19 16:14:05 	测试结果[Fail]	用时[0.32 seconds]	用例[3[]]
2016-09-19 16:14:10 	测试结果[Pass]	用时[0.03 seconds]	用例[1[3]]
2016-09-19 16:14:17 	测试结果[Fail]	用时[0.09 seconds]	用例[3[]]
2016-09-19 16:14:35 	测试结果[Pass]	用时[0.04 seconds]	用例[1[3]]
2016-09-19 16:14:37 	测试结果[Pass]	用时[0.04 seconds]	用例[1[3]]
2016-09-19 16:14:41 	测试结果[Pass]	用时[0.05 seconds]	用例[1[3]]
2016-09-19 16:14:48 	测试结果[Pass]	用时[0.04 seconds]	用例[1[3]]
2016-09-19 16:14:50 	测试结果[Fail]	用时[0.18 seconds]	用例[3[]]
2016-09-19 16:14:54 	测试结果[Fail]	用时[0.12 seconds]	用例[3[]]
2016-09-19 16:14:58 	测试结果[Pass]	用时[0.03 seconds]	用例[1[3]]
2016-09-19 16:20:17 	测试结果[Pass]	用时[0.05 seconds]	用例[1[3]]
2016-09-19 16:21:07 	测试结果[Pass]	用时[0.06 seconds]	用例[1[3]]
2016-09-19 16:21:10 	测试结果[Pass]	用时[3.3 seconds]	用例[2[asdf]]
2016-09-19 16:21:21 	测试结果[Fail]	用时[10.4 seconds]	用例[3[]]
2016-09-19 16:21:33 	测试结果[Pass]	用时[0.04 seconds]	用例[1[3]]
2016-09-19 16:21:46 	测试结果[Pass]	用时[0.06 seconds]	用例[1[3]]
2016-09-19 16:21:51 	测试结果[Pass]	用时[0.04 seconds]	用例[1[3]]
2016-09-19 16:21:55 	测试结果[Pass]	用时[0.04 seconds]	用例[1[3]]
2016-09-19 16:21:57 	测试结果[Pass]	用时[0.03 seconds]	用例[1[3]]
2016-09-19 16:22:01 	测试结果[Pass]	用时[0.04 seconds]	用例[1[3]]
2016-09-19 16:25:08 	测试结果[Fail]	用时[0.73 seconds]	用例[3[]]
2016-09-19 16:25:10 	测试结果[Pass]	用时[0.03 seconds]	用例[1[3]]
2016-09-19 16:27:00 	测试结果[Pass]	用时[0.03 seconds]	用例[1[3]]
2016-09-19 16:27:04 	测试结果[Pass]	用时[3.33 seconds]	用例[2[asdf]]
2016-09-19 16:27:16 	测试结果[Pass]	用时[0.04 seconds]	用例[1[3]]
2016-09-19 16:27:20 	测试结果[Pass]	用时[3.86 seconds]	用例[2[asdf]]
2016-09-19 16:27:31 	测试结果[Fail]	用时[10.4 seconds]	用例[3[]]
2016-09-19 16:27:42 	测试结果[Pass]	用时[0.06 seconds]	用例[1[3]]
2016-09-19 16:28:52 	测试结果[Pass]	用时[0.08 seconds]	用例[1[3]]
2016-09-19 16:28:54 	测试结果[Pass]	用时[0.07 seconds]	用例[1[3]]
2016-09-19 16:28:56 	测试结果[Pass]	用时[0.05 seconds]	用例[1[3]]
2016-09-19 16:33:01 	测试结果[Fail]	用时[0.79 seconds]	用例[3[]]
2016-09-19 16:33:11 	测试结果[Pass]	用时[0.08 seconds]	用例[1[3]]
2016-09-19 16:35:54 	测试结果[Pass]	用时[0.0 seconds]	用例[1[3]]
2016-09-19 16:36:09 	测试结果[Pass]	用时[0.04 seconds]	用例[1[3]]
2016-09-19 16:36:18 	测试结果[Pass]	用时[0.05 seconds]	用例[1[3]]
2016-09-19 16:37:26 	测试结果[Pass]	用时[0.04 seconds]	用例[1[3]]
2016-09-19 16:37:44 	测试结果[Pass]	用时[0.04 seconds]	用例[1[3]]
2016-09-19 16:40:47 	测试结果[Pass]	用时[0.05 seconds]	用例[1[3]]
2016-09-19 16:40:51 	测试结果[Pass]	用时[3.45 seconds]	用例[2[asdf]]
2016-09-19 16:41:24 	测试结果[Pass]	用时[0.04 seconds]	用例[1[3]]
2016-09-19 16:41:27 	测试结果[Pass]	用时[2.71 seconds]	用例[2[asdf]]
2016-09-19 16:43:11 	测试结果[Pass]	用时[0.03 seconds]	用例[1[3]]
2016-09-19 16:43:13 	测试结果[Pass]	用时[2.32 seconds]	用例[2[asdf]]
2016-09-19 16:43:14 	测试结果[Fail]	用时[0.67 seconds]	用例[3[]]
2016-09-19 16:46:12 	测试结果[Pass]	用时[0.05 seconds]	用例[1[3]]
2016-09-19 16:46:16 	测试结果[Pass]	用时[3.66 seconds]	用例[2[asdf]]
2016-09-19 16:46:17 	测试结果[Fail]	用时[0.32 seconds]	用例[3[]]
2016-09-19 16:46:24 	测试结果[Pass]	用时[0.04 seconds]	用例[1[3]]
2016-09-19 17:30:07 	测试结果[Pass]	用时[0.04 seconds]	用例[1[3]]
2016-09-19 17:30:11 	测试结果[Pass]	用时[3.74 seconds]	用例[2[asdf]]
2016-09-19 17:30:21 	测试结果[Fail]	用时[10.46 seconds]	用例[3[]]
2016-09-19 17:30:24 	测试结果[Pass]	用时[0.05 seconds]	用例[1[3]]
2016-09-19 17:30:43 	测试结果[Pass]	用时[0.03 seconds]	用例[1[3]]
2016-09-19 17:34:42 	测试结果[Pass]	用时[0.05 seconds]	用例[1[3]]
2016-09-19 17:34:46 	测试结果[Pass]	用时[3.44 seconds]	用例[2[asdf]]
2016-09-19 17:34:56 	测试结果[Fail]	用时[10.47 seconds]	用例[3[]]
2016-09-19 17:35:19 	测试结果[Pass]	用时[0.05 seconds]	用例[1[3]]
                                                                                                                                                                                                                                   2016-09-19 17:40:09 	测试结果[Pass]	用时[0.06 seconds]	用例[1[3]]
2016-09-19 17:40:14 	测试结果[Pass]	用时[4.18 seconds]	用例[2[asdf]]
2016-09-19 17:40:14 	测试结果[Fail]	用时[0.42 seconds]	用例[3[]]
2016-09-19 17:40:27 	测试结果[Pass]	用时[0.05 seconds]	用例[1[3]]
2016-09-19 17:40:30 	测试结果[Pass]	用时[2.56 seconds]	用例[2[asdf]]
2016-09-19 17:40:40 	测试结果[Fail]	用时[10.61 seconds]	用例[3[]]
2016-09-19 17:40:44 	测试结果[Pass]	用时[0.05 seconds]	用例[1[3]]
2016-09-19 17:40:47 	测试结果[Pass]	用时[0.05 seconds]	用例[1[3]]
2016-09-19 17:40:50 	测试结果[Pass]	用时[0.03 seconds]	用例[1[3]]
2016-09-19 17:40:54 	测试结果[Pass]	用时[3.95 seconds]	用例[2[asdf]]
2016-09-19 17:41:05 	测试结果[Fail]	用时[10.34 seconds]	用例[3[]]
2016-09-19 17:41:05 	测试结果[Pass]	用时[0.05 seconds]	用例[1[3]]
2016-09-19 17:41:09 	测试结果[Pass]	用时[3.45 seconds]	用例[2[asdf]]
2016-09-19 17:41:09 	测试结果[Fail]	用时[0.36 seconds]	用例[3[]]
2016-09-19 17:41:19 	测试结果[Pass]	用时[0.0 seconds]	用例[1[3]]
2016-09-19 17:41:22 	测试结果[Pass]	用时[3.34 seconds]	用例[2[asdf]]
2016-09-19 17:41:23 	测试结果[Fail]	用时[0.33 seconds]	用例[3[]]
2016-09-19 17:41:23 	测试结果[Pass]	用时[0.03 seconds]	用例[1[3]]
2016-09-19 17:41:27 	测试结果[Pass]	用时[3.86 seconds]	用例[2[asdf]]
2016-09-19 17:41:38 	测试结果[Fail]	用时[10.2 seconds]	用例[3[]]
2016-09-19 17:43:11 	测试结果[Pass]	用时[0.0 seconds]	用例[1[3]]
2016-09-19 17:43:18 	测试结果[Pass]	用时[0.06 seconds]	用例[1[3]]
2016-09-19 17:43:21 	测试结果[Pass]	用时[3.49 seconds]	用例[2[asdf]]
2016-09-19 17:43:32 	测试结果[Fail]	用时[10.5 seconds]	用例[3[]]
2016-09-19 17:43:36 	测试结果[Pass]	用时[0.02 seconds]	用例[1[3]]
2016-09-19 17:43:41 	测试结果[Pass]	用时[0.05 seconds]	用例[1[3]]
2016-09-19 17:43:45 	测试结果[Pass]	用时[3.4 seconds]	用例[2[asdf]]
2016-09-19 17:43:45 	测试结果[Fail]	用时[0.36 seconds]	用例[3[]]
2016-09-19 17:43:51 	测试结果[Pass]	用时[0.05 seconds]	用例[1[3]]
2016-09-19 17:43:54 	测试结果[Pass]	用时[3.84 seconds]	用例[2[asdf]]
2016-09-19 17:43:55 	测试结果[Fail]	用时[0.59 seconds]	用例[3[]]
2016-09-19 17:43:56 	测试结果[Pass]	用时[0.03 seconds]	用例[1[3]]
2016-09-19 17:46:18 	测试结果[Pass]	用时[0.05 seconds]	用例[1[3]]
2016-09-19 17:46:22 	测试结果[Pass]	用时[3.79 seconds]	用例[2[asdf]]
2016-09-19 17:46:23 	测试结果[Fail]	用时[0.81 seconds]	用例[3[]]
2016-09-19 17:46:41 	测试结果[Pass]	用时[0.03 seconds]	用例[1[3]]
2016-09-19 17:46:44 	测试结果[Pass]	用时[3.34 seconds]	用例[2[asdf]]
2016-09-19 17:46:45 	测试结果[Fail]	用时[0.42 seconds]	用例[3[]]
2016-09-19 17:46:45 	测试结果[Pass]	用时[0.05 seconds]	用例[1[3]]
2016-09-19 17:46:49 	测试结果[Pass]	用时[3.42 seconds]	用例[2[asdf]]
2016-09-19 17:46:50 	测试结果[Fail]	用时[0.89 seconds]	用例[3[]]
2016-09-19 17:50:01 	测试结果[Pass]	用时[0.05 seconds]	用例[1[3]]
2016-09-19 17:50:05 	测试结果[Pass]	用时[3.81 seconds]	用例[2[asdf]]
2016-09-19 17:50:15 	测试结果[Fail]	用时[10.25 seconds]	用例[3[]]
2016-09-19 17:50:21 	测试结果[Pass]	用时[0.03 seconds]	用例[1[3]]
2016-09-19 17:50:24 	测试结果[Pass]	用时[3.57 seconds]	用例[2[asdf]]
2016-09-19 17:50:35 	测试结果[Fail]	用时[10.83 seconds]	用例[3[]]
2016-09-19 17:51:43 	测试结果[Pass]	用时[0.09 seconds]	用例[1[3]]
2016-09-19 17:51:47 	测试结果[Pass]	用时[3.39 seconds]	用例[2[asdf]]
2016-09-19 17:51:48 	测试结果[Fail]	用时[0.72 seconds]	用例[3[]]
2016-09-19 17:51:48 	测试结果[Pass]	用时[0.05 seconds]	用例[1[3]]
2016-09-19 17:51:52 	测试结果[Pass]	用时[3.5 seconds]	用例[2[asdf]]
2016-09-19 17:52:03 	测试结果[Fail]	用时[10.69 seconds]	用例[3[]]
2016-09-20 09:59:53 	测试结果[Pass]	用时[0.03 seconds]	用例[1[3]]
2016-09-20 09:59:57 	测试结果[Pass]	用时[3.58 seconds]	用例[2[asdf]]
2016-09-20 10:00:40 	测试结果[Pass]	用时[0.06 seconds]	用例[1[3]]
2016-09-20 10:00:42 	测试结果[Pass]	用时[2.36 seconds]	用例[2[asdf]]
2016-09-20 10:00:43 	测试结果[Fail]	用时[0.75 seconds]	用例[3[]]
2016-09-20 10:00:50 	测试结果[Pass]	用时[0.06 seconds]	用例[1[3]]
2016-09-20 10:00:53 	测试结果[Pass]	用时[2.49 seconds]	用例[2[asdf]]
2016-09-20 10:01:14 	测试结果[Pass]	用时[0.06 seconds]	用例[1[3]]
2016-09-20 10:01:18 	测试结果[Pass]	用时[3.79 seconds]	用例[2[asdf]]
2016-09-20 10:01:40 	测试结果[Pass]	用时[0.06 seconds]	用例[1[3]]
2016-09-20 10:01:44 	测试结果[Pass]	用时[3.5 seconds]	用例[2[asdf]]
2016-09-20 10:02:00 	测试结果[Pass]	用时[0.05 seconds]	用例[1[3]]
2016-09-20 10:02:04 	测试结果[Pass]	用时[3.53 seconds]	用例[2[asdf]]
2016-09-20 10:02:14 	测试结果[Fail]	用时[10.43 seconds]	用例[3[]]
2016-09-20 10:03:54 	测试结果[Pass]	用时[0.06 seconds]	用例[1[3]]
2016-09-20 10:03:58 	测试结果[Pass]	用时[3.21 seconds]	用例[2[asdf]]
2016-09-20 10:03:58 	测试结果[Fail]	用时[0.38 seconds]	用例[3[]]
2016-09-20 10:08:45 	测试结果[Pass]	用时[0.04 seconds]	用例[1[3]]
2016-09-20 10:08:48 	测试结果[Pass]	用时[3.33 seconds]	用例[2[asdf]]
2016-09-20 10:08:49 	测试结果[Fail]	用时[0.36 seconds]	用例[3[]]
2016-09-20 10:08:52 	测试结果[Pass]	用时[0.03 seconds]	用例[1[3]]
2016-09-20 10:08:54 	测试结果[Fail]	用时[0.11 seconds]	用例[3[]]
2016-09-20 10:08:57 	测试结果[Pass]	用时[0.03 seconds]	用例[1[3]]
2016-09-20 10:09:00 	测试结果[Pass]	用时[2.64 seconds]	用例[2[asdf]]
2016-09-20 10:09:10 	测试结果[Fail]	用时[10.52 seconds]	用例[3[]]
2016-09-20 10:09:14 	测试结果[Pass]	用时[0.05 seconds]	用例[1[3]]
2016-09-20 10:09:16 	测试结果[Pass]	用时[2.44 seconds]	用例[2[asdf]]
2016-09-20 10:09:17 	测试结果[Fail]	用时[0.67 seconds]	用例[3[]]
2016-09-20 10:11:58 	测试结果[Pass]	用时[0.05 seconds]	用例[1[3]]
2016-09-20 10:12:01 	测试结果[Pass]	用时[3.23 seconds]	用例[2[asdf]]
2016-09-20 10:12:02 	测试结果[Fail]	用时[0.48 seconds]	用例[3[]]
2016-09-20 10:12:04 	测试结果[Pass]	用时[0.07 seconds]	用例[1[3]]
2016-09-20 10:12:07 	测试结果[Pass]	用时[2.22 seconds]	用例[2[asdf]]
2016-09-20 10:12:07 	测试结果[Fail]	用时[0.45 seconds]	用例[3[]]
2016-09-20 10:12:12 	测试结果[Pass]	用时[0.06 seconds]	用例[1[3]]
2016-09-20 10:12:16 	测试结果[Pass]	用时[3.44 seconds]	用例[2[asdf]]
2016-09-20 10:12:16 	测试结果[Fail]	用时[0.4 seconds]	用例[3[]]
2016-09-20 10:12:20 	测试结果[Pass]	用时[0.07 seconds]	用例[1[3]]
2016-09-20 10:12:24 	测试结果[Pass]	用时[3.54 seconds]	用例[2[asdf]]
2016-09-20 10:13:18 	测试结果[Pass]	用时[0.07 seconds]	用例[1[3]]
2016-09-20 10:13:22 	测试结果[Pass]	用时[3.75 seconds]	用例[2[asdf]]
2016-09-20 10:13:23 	测试结果[Fail]	用时[0.69 seconds]	用例[3[]]
2016-09-20 10:13:25 	测试结果[Pass]	用时[0.04 seconds]	用例[1[3]]
2016-09-20 10:13:27 	测试结果[Pass]	用时[2.22 seconds]	用例[2[asdf]]
2016-09-20 10:13:28 	测试结果[Fail]	用时[0.35 seconds]	用例[3[]]
2016-09-20 10:13:31 	测试结果[Fail]	用时[0.18 seconds]	用例[3[]]
2016-09-20 10:13:35 	测试结果[Pass]	用时[0.06 seconds]	用例[1[3]]
2016-09-20 10:13:38 	测试结果[Pass]	用时[3.48 seconds]	用例[2[asdf]]
2016-09-20 10:14:10 	测试结果[Pass]	用时[0.07 seconds]	用例[1[3]]
2016-09-20 10:14:13 	测试结果[Pass]	用时[3.59 seconds]	用例[2[asdf]]
2016-09-20 10:14:14 	测试结果[Pass]	用时[0.03 seconds]	用例[1[3]]
2016-09-20 10:14:17 	测试结果[Pass]	用时[3.45 seconds]	用例[2[asdf]]
2016-09-20 10:14:18 	测试结果[Fail]	用时[0.4 seconds]	用例[3[]]
2016-09-20 10:14:21 	测试结果[Pass]	用时[0.03 seconds]	用例[1[3]]
2016-09-20 10:14:25 	测试结果[Pass]	用时[3.72 seconds]	用例[2[asdf]]
2016-09-20 10:14:26 	测试结果[Fail]	用时[0.7 seconds]	用例[3[]]
2016-09-20 10:14:28 	测试结果[Pass]	用时[0.05 seconds]	用例[1[3]]
2016-09-20 10:14:32 	测试结果[Pass]	用时[3.62 seconds]	用例[2[asdf]]
2016-09-20 10:14:43 	测试结果[Fail]	用时[10.47 seconds]	用例[3[]]
2016-09-20 10:14:44 	测试结果[Pass]	用时[0.07 seconds]	用例[1[3]]
2016-09-20 10:14:48 	测试结果[Pass]	用时[3.53 seconds]	用例[2[asdf]]
2016-09-20 10:16:30 	测试结果[Pass]	用时[0.07 seconds]	用例[1[3]]
2016-09-20 10:16:34 	测试结果[Pass]	用时[3.87 seconds]	用例[2[asdf]]
2016-09-20 10:16:35 	测试结果[Fail]	用时[0.4 seconds]	用例[3[]]
2016-09-20 10:16:53 	测试结果[Pass]	用时[0.05 seconds]	用例[1[3]]
2016-09-20 10:16:57 	测试结果[Pass]	用时[3.43 seconds]	用例[2[asdf]]
2016-09-20 10:16:57 	测试结果[Fail]	用时[0.38 seconds]	用例[3[]]
2016-09-20 10:17:07 	测试结果[Pass]	用时[0.05 seconds]	用例[1[3]]
2016-09-20 10:17:09 	测试结果[Pass]	用时[2.47 seconds]	用例[2[asdf]]
2016-09-20 10:17:45 	测试结果[Pass]	用时[0.04 seconds]	用例[1[3]]
2016-09-20 10:17:49 	测试结果[Pass]	用时[3.72 seconds]	用例[2[asdf]]
2016-09-20 10:18:00 	测试结果[Fail]	用时[10.5 seconds]	用例[3[]]
2016-09-20 10:18:08 	测试结果[Pass]	用时[0.05 seconds]	用例[1[3]]
2016-09-20 10:18:12 	测试结果[Pass]	用时[3.92 seconds]	用例[2[asdf]]
2016-09-20 10:18:22 	测试结果[Fail]	用时[10.48 seconds]	用例[3[]]
2016-09-20 10:18:30 	测试结果[Pass]	用时[0.06 seconds]	用例[1[3]]
2016-09-20 10:18:34 	测试结果[Pass]	用时[3.74 seconds]	用例[2[asdf]]
2016-09-20 10:18:34 	测试结果[Fail]	用时[0.75 seconds]	用例[3[]]
2016-09-20 10:18:38 	测试结果[Pass]	用时[0.05 seconds]	用例[1[3]]
2016-09-20 10:18:40 	测试结果[Pass]	用时[2.44 seconds]	用例[2[asdf]]
2016-09-20 10:18:41 	测试结果[Fail]	用时[0.34 seconds]	用例[3[]]
2016-09-20 10:20:46 	测试结果[Pass]	用时[0.05 seconds]	用例[1[3]]
2016-09-20 10:20:49 	测试结果[Pass]	用时[3.39 seconds]	用例[2[asdf]]
2016-09-20 10:20:50 	测试结果[Fail]	用时[0.69 seconds]	用例[3[]]
2016-09-20 10:20:55 	测试结果[Pass]	用时[0.06 seconds]	用例[1[3]]
2016-09-20 10:21:05 	测试结果[Pass]	用时[9.89 seconds]	用例[2[asdf]]
2016-09-20 10:21:05 	测试结果[Fail]	用时[0.44 seconds]	用例[3[]]
2016-09-20 10:21:35 	测试结果[Pass]	用时[0.06 seconds]	用例[1[3]]
2016-09-20 10:21:39 	测试结果[Pass]	用时[3.78 seconds]	用例[2[asdf]]
2016-09-20 10:22:23 	测试结果[Pass]	用时[0.05 seconds]	用例[1[3]]
2016-09-20 10:22:27 	测试结果[Pass]	用时[4.62 seconds]	用例[2[asdf]]
2016-09-20 10:24:00 	测试结果[Pass]	用时[0.05 seconds]	用例[1[3]]
2016-09-20 10:24:03 	测试结果[Pass]	用时[2.14 seconds]	用例[2[asdf]]
2016-09-20 10:24:03 	测试结果[Fail]	用时[0.35 seconds]	用例[3[]]
2016-09-20 10:24:06 	测试结果[Pass]	用时[0.04 seconds]	用例[1[3]]
2016-09-20 10:24:09 	测试结果[Pass]	用时[3.53 seconds]	用例[2[asdf]]
2016-09-20 10:24:41 	测试结果[Pass]	用时[0.05 seconds]	用例[1[3]]
2016-09-20 10:24:44 	测试结果[Pass]	用时[2.56 seconds]	用例[2[asdf]]
2016-09-20 10:25:11 	测试结果[Pass]	用时[0.05 seconds]	用例[1[3]]
2016-09-20 10:25:13 	测试结果[Pass]	用时[2.71 seconds]	用例[2[asdf]]
2016-09-20 10:25:24 	测试结果[Fail]	用时[10.55 seconds]	用例[3[]]
2016-09-20 10:25:28 	测试结果[Pass]	用时[0.05 seconds]	用例[1[3]]
2016-09-20 10:25:32 	测试结果[Pass]	用时[3.52 seconds]	用例[2[asdf]]
2016-09-20 10:39:40 	测试结果[Pass]	用时[0.04 seconds]	用例[1[3]]
2016-09-20 10:39:47 	测试结果[Pass]	用时[7.17 seconds]	用例[2[asdf]]
2016-09-20 10:39:48 	测试结果[Fail]	用时[0.38 seconds]	用例[3[]]
2016-09-20 10:39:51 	测试结果[Pass]	用时[0.03 seconds]	用例[1[3]]
2016-09-20 10:39:55 	测试结果[Pass]	用时[4.01 seconds]	用例[2[asdf]]
2016-09-20 10:40:05 	测试结果[Fail]	用时[10.38 seconds]	用例[3[]]
2016-09-20 10:40:13 	测试结果[Pass]	用时[0.05 seconds]	用例[1[3]]
2016-09-20 10:40:17 	测试结果[Pass]	用时[3.64 seconds]	用例[2[asdf]]
2016-09-20 10:40:54 	测试结果[Pass]	用时[0.05 seconds]	用例[1[3]]
2016-09-20 10:40:56 	测试结果[Pass]	用时[2.66 seconds]	用例[2[asdf]]
2016-09-20 10:42:19 	测试结果[Pass]	用时[0.03 seconds]	用例[1[3]]
2016-09-20 10:42:28 	测试结果[Pass]	用时[9.51 seconds]	用例[2[asdf]]
2016-09-20 10:43:09 	测试结果[Pass]	用时[0.04 seconds]	用例[1[3]]
2016-09-20 10:43:14 	测试结果[Pass]	用时[4.86 seconds]	用例[2[asdf]]
2016-09-20 10:43:14 	测试结果[Fail]	用时[0.81 seconds]	用例[3[]]
2016-09-20 10:43:19 	测试结果[Pass]	用时[0.04 seconds]	用例[1[3]]
2016-09-20 10:43:24 	测试结果[Pass]	用时[4.74 seconds]	用例[2[asdf]]
2016-09-20 10:43:25 	测试结果[Fail]	用时[1.07 seconds]	用例[3[]]
2016-09-20 10:43:30 	测试结果[Pass]	用时[0.04 seconds]	用例[1[3]]
2016-09-20 10:43:34 	测试结果[Pass]	用时[4.05 seconds]	用例[2[asdf]]
2016-09-20 10:43:35 	测试结果[Fail]	用时[0.55 seconds]	用例[3[]]
2016-09-20 10:43:37 	测试结果[Pass]	用时[0.05 seconds]	用例[1[3]]
2016-09-20 10:43:42 	测试结果[Pass]	用时[4.01 seconds]	用例[2[asdf]]
2016-09-20 10:43:42 	测试结果[Fail]	用时[0.54 seconds]	用例[3[]]
2016-09-20 10:43:47 	测试结果[Pass]	用时[0.04 seconds]	用例[1[3]]
2016-09-20 10:43:51 	测试结果[Pass]	用时[4.07 seconds]	用例[2[asdf]]
2016-09-20 10:43:52 	测试结果[Fail]	用时[0.53 seconds]	用例[3[]]
2016-09-20 10:44:09 	测试结果[Pass]	用时[0.05 seconds]	用例[1[3]]
2016-09-20 10:44:14 	测试结果[Pass]	用时[4.4 seconds]	用例[2[asdf]]
2016-09-20 10:44:15 	测试结果[Fail]	用时[0.53 seconds]	用例[3[]]
2016-09-20 10:44:19 	测试结果[Pass]	用时[0.06 seconds]	用例[1[3]]
2016-09-20 10:44:23 	测试结果[Pass]	用时[3.63 seconds]	用例[2[asdf]]
2016-09-20 10:44:34 	测试结果[Fail]	用时[10.7 seconds]	用例[3[]]
2016-09-20 10:46:11 	测试结果[Pass]	用时[0.04 seconds]	用例[1[3]]
2016-09-20 10:46:15 	测试结果[Pass]	用时[4.08 seconds]	用例[2[asdf]]
2016-09-20 10:46:26 	测试结果[Fail]	用时[10.56 seconds]	用例[3[]]
2016-09-20 10:46:28 	测试结果[Pass]	用时[0.06 seconds]	用例[1[3]]
2016-09-20 10:46:32 	测试结果[Pass]	用时[3.66 seconds]	用例[2[asdf]]
2016-09-20 10:46:42 	测试结果[Fail]	用时[10.38 seconds]	用例[3[]]
2016-09-20 10:46:45 	测试结果[Pass]	用时[0.05 seconds]	用例[1[3]]
2016-09-20 10:46:55 	测试结果[Pass]	用时[9.58 seconds]	用例[2[asdf]]
2016-09-20 10:47:05 	测试结果[Fail]	用时[10.42 seconds]	用例[3[]]
2016-09-20 10:47:10 	测试结果[Pass]	用时[0.05 seconds]	用例[1[3]]
2016-09-20 13:45:22 	测试结果[Pass]	用时[0.03 seconds]	用例[1[3]]
2016-09-20 13:45:26 	测试结果[Pass]	用时[3.99 seconds]	用例[2[asdf]]
2016-09-20 13:45:27 	测试结果[Fail]	用时[0.34 seconds]	用例[3[]]
2016-09-20 13:45:32 	测试结果[Pass]	用时[0.05 seconds]	用例[1[3]]
2016-09-20 13:45:35 	测试结果[Pass]	用时[3.41 seconds]	用例[2[asdf]]
2016-09-20 13:45:36 	测试结果[Fail]	用时[0.28 seconds]	用例[3[]]
2016-09-20 13:45:39 	测试结果[Fail]	用时[0.16 seconds]	用例[3[]]
2016-09-20 13:45:57 	测试结果[Fail]	用时[10.53 seconds]	用例[3[]]
2016-09-20 13:47:33 	测试结果[Pass]	用时[0.04 seconds]	用例[1[3]]
2016-09-20 13:47:37 	测试结果[Pass]	用时[3.67 seconds]	用例[2[asdf]]
2016-09-20 13:47:48 	测试结果[Fail]	用时[10.43 seconds]	用例[3[]]
2016-09-21 09:26:52 	测试结果[Pass]	用时[0.05 seconds]	用例[1[3]]
2016-09-21 09:26:56 	测试结果[Pass]	用时[3.96 seconds]	用例[2[asdf]]
2016-09-21 09:27:07 	测试结果[Fail]	用时[10.56 seconds]	用例[3[]]
2016-09-21 09:30:23 	测试结果[Pass]	用时[0.05 seconds]	用例[1[3]]
2016-09-21 09:30:27 	测试结果[Pass]	用时[3.56 seconds]	用例[2[asdf]]
2016-09-21 09:30:38 	测试结果[Fail]	用时[10.41 seconds]	用例[3[]]
2016-09-21 09:30:44 	测试结果[Pass]	用时[0.07 seconds]	用例[1[3]]
2016-09-21 09:30:48 	测试结果[Pass]	用时[3.66 seconds]	用例[2[asdf]]
2016-09-21 09:30:48 	测试结果[Fail]	用时[0.51 seconds]	用例[3[]]
2016-09-21 10:22:19 	测试结果[Pass]	用时[0.04 seconds]	用例[1[3]]
2016-09-21 10:22:22 	测试结果[Pass]	用时[2.76 seconds]	用例[2[asdf]]
2016-09-21 10:22:23 	测试结果[Fail]	用时[0.63 seconds]	用例[3[]]
2016-09-21 10:22:27 	测试结果[Pass]	用时[0.05 seconds]	用例[1[3]]
2016-09-21 10:22:31 	测试结果[Pass]	用时[4.0 seconds]	用例[2[asdf]]
2016-09-21 10:22:42 	测试结果[Fail]	用时[10.51 seconds]	用例[3[]]
2016-09-21 10:31:39 	测试结果[Pass]	用时[0.03 seconds]	用例[1[3]]
2016-09-21 10:31:44 	测试结果[Pass]	用时[5.11 seconds]	用例[2[asdf]]
2016-09-21 10:31:45 	测试结果[Fail]	用时[0.83 seconds]	用例[3[]]
2016-09-21 10:32:20 	测试结果[Fail]	用时[0.17 seconds]	用例[3[]]
2016-09-21 10:32:39 	测试结果[Fail]	用时[10.45 seconds]	用例[3[]]
2016-09-21 10:34:33 	测试结果[Pass]	用时[0.05 seconds]	用例[1[3]]
2016-09-21 10:34:36 	测试结果[Pass]	用时[3.38 seconds]	用例[2[asdf]]
2016-09-21 10:34:37 	测试结果[Fail]	用时[0.27 seconds]	用例[3[]]
2016-09-21 10:35:14 	测试结果[Pass]	用时[0.03 seconds]	用例[1[3]]
2016-09-21 10:35:18 	测试结果[Pass]	用时[3.59 seconds]	用例[2[asdf]]
2016-09-21 10:35:29 	测试结果[Fail]	用时[10.48 seconds]	用例[3[]]
2016-09-21 10:36:01 	测试结果[Pass]	用时[0.38 seconds]	用例[3[]]
2016-09-21 10:36:11 	测试结果[Pass]	用时[0.06 seconds]	用例[1[3]]
2016-09-21 10:36:15 	测试结果[Pass]	用时[3.61 seconds]	用例[2[asdf]]
2016-09-21 10:36:25 	测试结果[Fail]	用时[10.51 seconds]	用例[3[]]
2016-09-21 10:36:29 	测试结果[Fail]	用时[0.8 seconds]	用例[3[]]
2016-09-21 10:36:56 	测试结果[Fail]	用时[10.61 seconds]	用例[3[]]
2016-09-21 10:38:51 	测试结果[Pass]	用时[0.05 seconds]	用例[1[3]]
2016-09-21 10:38:55 	测试结果[Pass]	用时[3.54 seconds]	用例[2[asdf]]
2016-09-21 10:39:06 	测试结果[Fail]	用时[10.52 seconds]	用例[3[]]
2016-09-21 10:39:32 	测试结果[Pass]	用时[0.88 seconds]	用例[3[]]
2016-09-21 15:25:24 	测试结果[Pass]	用时[0.04 seconds]	用例[1[3]]
2016-09-21 15:25:27 	测试结果[Pass]	用时[2.94 seconds]	用例[2[asdf]]
2016-09-21 15:25:28 	测试结果[Fail]	用时[1.06 seconds]	用例[3[]]
2016-09-21 15:25:32 	测试结果[Fail]	用时[0.15 seconds]	用例[3[]]
2016-09-21 16:51:50 	测试结果[Pass]	用时[0.04 seconds]	用例[a1[3]]
2016-09-21 16:51:54 	测试结果[Pass]	用时[3.59 seconds]	用例[a2[asdf]]
2016-09-21 16:51:55 	测试结果[Fail]	用时[1.09 seconds]	用例[a3[]]
2016-09-21 16:51:55 	测试结果[Fail]	用时[0.08 seconds]	用例[a4[]]
2016-09-21 16:52:39 	测试结果[Fail]	用时[0.06 seconds]	用例[a5[]]
2016-09-21 16:52:49 	测试结果[Fail]	用时[0.07 seconds]	用例[a4[]]
2016-09-21 16:52:49 	测试结果[Fail]	用时[0.03 seconds]	用例[a5[]]
2016-09-21 16:54:04 	测试结果[Pass]	用时[0.05 seconds]	用例[a1[3]]
2016-09-21 16:54:07 	测试结果[Pass]	用时[3.76 seconds]	用例[a2[asdf]]
2016-09-21 16:54:24 	测试结果[Pass]	用时[0.06 seconds]	用例[a1[3]]
2016-09-21 16:54:27 	测试结果[Pass]	用时[3.37 seconds]	用例[a2[asdf]]
2016-09-21 16:54:36 	测试结果[Fail]	用时[0.27 seconds]	用例[a3[]]
2016-09-21 16:54:36 	测试结果[Fail]	用时[0.08 seconds]	用例[a4[]]
2016-09-21 16:55:17 	测试结果[Fail]	用时[0.08 seconds]	用例[a4[]]
2016-09-21 16:55:23 	测试结果[Fail]	用时[0.07 seconds]	用例[a4[]]
2016-09-21 16:55:23 	测试结果[Fail]	用时[0.03 seconds]	用例[a5[]]
2016-09-21 16:56:36 	测试结果[Pass]	用时[0.04 seconds]	用例[a1[3]]
2016-09-21 16:56:39 	测试结果[Pass]	用时[3.4 seconds]	用例[a2[asdf]]
2016-09-21 16:56:40 	测试结果[Fail]	用时[0.81 seconds]	用例[a3[]]
2016-09-21 16:56:41 	测试结果[Fail]	用时[0.06 seconds]	用例[a4[]]
2016-09-21 17:14:57 	测试结果[Pass]	用时[0.04 seconds]	用例[a1[3]]
2016-09-21 17:15:00 	测试结果[Pass]	用时[3.54 seconds]	用例[a2[asdf]]
2016-09-21 17:15:11 	测试结果[Fail]	用时[10.33 seconds]	用例[a3[]]
2016-09-21 17:16:43 	测试结果[Pass]	用时[0.04 seconds]	用例[a1[3]]
2016-09-21 17:16:47 	测试结果[Pass]	用时[3.46 seconds]	用例[a2[asdf]]
2016-09-21 17:16:48 	测试结果[Fail]	用时[0.78 seconds]	用例[a3[]]
2016-09-21 17:16:48 	测试结果[Fail]	用时[0.04 seconds]	用例[a4[]]
2016-09-21 17:22:28 	测试结果[Pass]	用时[0.03 seconds]	用例[a1[3]]
2016-09-21 17:22:31 	测试结果[Pass]	用时[3.54 seconds]	用例[a2[asdf]]
2016-09-21 17:22:42 	测试结果[Fail]	用时[10.31 seconds]	用例[a3[]]
2016-09-21 17:22:42 	测试结果[Fail]	用时[0.03 seconds]	用例[a4[]]
2016-09-21 17:24:44 	测试结果[Pass]	用时[0.02 seconds]	用例[a1[3]]
2016-09-21 17:24:46 	测试结果[Pass]	用时[2.68 seconds]	用例[a2[asdf]]
2016-09-21 17:24:57 	测试结果[Fail]	用时[10.25 seconds]	用例[a3[]]
2016-09-21 17:24:57 	测试结果[Fail]	用时[0.03 seconds]	用例[a4[]]
2016-09-21 17:24:57 	测试结果[Fail]	用时[0.03 seconds]	用例[a5[]]
2016-09-21 17:24:57 	测试结果[Fail]	用时[0.02 seconds]	用例[a6[]]
2016-09-21 17:24:57 	测试结果[Fail]	用时[0.03 seconds]	用例[a7[]]
2016-09-21 17:26:38 	测试结果[Pass]	用时[0.07 seconds]	用例[a1[3]]
2016-09-21 17:26:42 	测试结果[Pass]	用时[3.55 seconds]	用例[a2[asdf]]
2016-09-21 17:26:52 	测试结果[Fail]	用时[10.38 seconds]	用例[a3[]]
2016-09-21 17:26:52 	测试结果[Fail]	用时[0.04 seconds]	用例[a4[]]
2016-09-21 17:26:52 	测试结果[Fail]	用时[0.05 seconds]	用例[a5[]]
2016-09-21 17:26:53 	测试结果[Fail]	用时[0.03 seconds]	用例[a6[]]
2016-09-21 17:26:53 	测试结果[Fail]	用时[0.05 seconds]	用例[a7[]]
2016-09-21 17:30:22 	测试结果[Pass]	用时[0.0 seconds]	用例[a1[3]]
2016-09-21 17:30:25 	测试结果[Pass]	用时[3.49 seconds]	用例[a2[asdf]]
2016-09-21 17:30:35 	测试结果[Fail]	用时[10.34 seconds]	用例[a3[]]
2016-09-22 20:49:35 	测试结果[Pass]	用时[0.01 seconds]	用例[a1[3]]
2016-09-22 20:51:04 	测试结果[Pass]	用时[0.0 seconds]	用例[a1[3]]
2016-09-22 20:51:44 	测试结果[Pass]	用时[0.0 seconds]	用例[a1[3]]
2016-09-22 20:52:26 	测试结果[Pass]	用时[0.0 seconds]	用例[a1[3]]
2016-09-22 20:54:13 	测试结果[Pass]	用时[0.0 seconds]	用例[a1[3]]
2016-09-22 20:58:30 	测试结果[Fail]	用时[0.0 seconds]	用例[a1[3]]
2016-09-22 21:00:20 	测试结果[Pass]	用时[0.02 seconds]	用例[a1[3]]
2016-09-23 11:17:59 	测试结果[Pass]	用时[0.0 seconds]	用例[a1[3]]
2016-09-23 11:21:05 	测试结果[Pass]	用时[0.0 seconds]	用例[a1[3]]
2016-09-23 11:21:45 	测试结果[Pass]	用时[0.0 seconds]	用例[a1[3]]
2016-09-23 11:22:16 	测试结果[Pass]	用时[0.02 seconds]	用例[a1[3]]
2016-09-23 11:25:02 	测试结果[Pass]	用时[0.02 seconds]	用例[a1[3]]
2016-09-23 11:34:51 	测试结果[Pass]	用时[0.01 seconds]	用例[a1[3]]
2016-09-23 11:37:19 	测试结果[Pass]	用时[0.01 seconds]	用例[a1[3]]
2016-09-23 11:41:53 	测试结果[Pass]	用时[0.01 seconds]	用例[a1[3]]
2016-09-23 11:45:56 	测试结果[Pass]	用时[0.01 seconds]	用例[a1[3]]
2016-09-23 11:46:49 	测试结果[Pass]	用时[0.02 seconds]	用例[a1[3]]
2016-09-23 11:47:21 	测试结果[Pass]	用时[0.01 seconds]	用例[a1[3]]
2016-09-23 11:47:29 	测试结果[Pass]	用时[0.01 seconds]	用例[a1[3]]
2016-09-23 11:48:08 	测试结果[Pass]	用时[0.01 seconds]	用例[a1[3]]
2016-09-23 11:49:25 	测试结果[Pass]	用时[0.01 seconds]	用例[a1[3]]
2016-09-23 11:50:21 	测试结果[Pass]	用时[0.01 seconds]	用例[a1[3]]
2016-09-23 11:52:39 	测试结果[Pass]	用时[0.03 seconds]	用例[a1[3]]
2016-09-23 11:53:03 	测试结果[Pass]	用时[0.01 seconds]	用例[a1[3]]
2016-09-23 11:53:49 	测试结果[Pass]	用时[0.01 seconds]	用例[a1[3]]
2016-09-23 11:53:59 	测试结果[Pass]	用时[0.01 seconds]	用例[a1[3]]
2016-09-23 11:54:08 	测试结果[Pass]	用时[0.01 seconds]	用例[a1[3]]
2016-09-23 11:54:21 	测试结果[Pass]	用时[0.01 seconds]	用例[a1[3]]
2016-09-23 11:54:41 	测试结果[Pass]	用时[0.01 seconds]	用例[a1[3]]
2016-09-23 11:54:59 	测试结果[Pass]	用时[0.01 seconds]	用例[a1[3]]
2016-09-23 11:55:36 	测试结果[Pass]	用时[0.01 seconds]	用例[a1[3]]
2016-09-23 11:55:45 	测试结果[Pass]	用时[0.01 seconds]	用例[a1[3]]
2016-09-23 11:55:53 	测试结果[Pass]	用时[0.01 seconds]	用例[a1[3]]
2016-09-23 11:56:12 	测试结果[Pass]	用时[0.01 seconds]	用例[a1[3]]
2016-09-23 13:39:52 	测试结果[Pass]	用时[0.01 seconds]	用例[a1[3]]
2016-09-23 13:40:29 	测试结果[Pass]	用时[0.01 seconds]	用例[a1[3]]
2016-09-23 15:28:38 	测试结果[Pass]	用时[0.01 seconds]	用例[a1[3]]
2016-09-23 15:29:47 	测试结果[Pass]	用时[0.01 seconds]	用例[a1[3]]
2016-09-23 15:44:10 	测试结果[Pass]	用时[0.01 seconds]	用例[a1[3]]
2016-09-23 16:05:42 	测试结果[Pass]	用时[0.01 seconds]	用例[a1[3]]
2016-09-23 16:06:07 	测试结果[Pass]	用时[0.01 seconds]	用例[a1[3]]
2016-09-23 16:08:07 	测试结果[Pass]	用时[0.01 seconds]	用例[a1[3]]
2016-09-23 16:08:27 	测试结果[Pass]	用时[0.01 seconds]	用例[a1[3]]
2016-09-23 16:09:45 	测试结果[Pass]	用时[0.0 seconds]	用例[a1[3]]
2016-09-23 16:10:10 	测试结果[Pass]	用时[0.01 seconds]	用例[a1[3]]
2016-09-23 16:12:53 	测试结果[Pass]	用时[0.02 seconds]	用例[a1[3]]
2016-09-23 16:14:03 	测试结果[Pass]	用时[0.01 seconds]	用例[a1[3]]
2016-09-23 16:15:02 	测试结果[Pass]	用时[0.01 seconds]	用例[a1[3]]
2016-09-23 16:15:53 	测试结果[Pass]	用时[0.01 seconds]	用例[a1[3]]
2016-09-23 16:17:01 	测试结果[Pass]	用时[0.01 seconds]	用例[a1[3]]
2016-09-23 16:17:36 	测试结果[Pass]	用时[0.01 seconds]	用例[a1[3]]
2016-09-23 16:26:33 	测试结果[Pass]	用时[0.01 seconds]	用例[a1[3]]
2016-09-23 16:28:48 	测试结果[Pass]	用时[0.02 seconds]	用例[a1[3]]
2016-09-23 16:29:23 	测试结果[Pass]	用时[0.02 seconds]	用例[a1[3]]
2016-09-23 16:57:23 	测试结果[Pass]	用时[0.01 seconds]	用例[a1[3]]
2016-09-23 16:57:43 	测试结果[Pass]	用时[0.01 seconds]	用例[a1[3]]
2016-09-23 16:57:58 	测试结果[Pass]	用时[0.01 seconds]	用例[a1[3]]
2016-09-23 16:58:55 	测试结果[Pass]	用时[0.01 seconds]	用例[a1[3]]
2016-09-23 17:00:47 	测试结果[Pass]	用时[0.01 seconds]	用例[a1[3]]
2016-09-23 17:02:12 	测试结果[Pass]	用时[0.02 seconds]	用例[a1[3]]
2016-09-23 17:02:26 	测试结果[Pass]	用时[0.01 seconds]	用例[a1[3]]
2016-09-23 17:06:39 	测试结果[Pass]	用时[0.02 seconds]	用例[a1[3]]
2016-09-23 17:13:49 	测试结果[Pass]	用时[0.01 seconds]	用例[a1[3]]
2016-09-23 17:16:20 	测试结果[Pass]	用时[0.01 seconds]	用例[a1[3]]
2016-09-23 17:16:48 	测试结果[Pass]	用时[0.01 seconds]	用例[a1[3]]
2016-09-23 17:18:24 	测试结果[Pass]	用时[0.01 seconds]	用例[a1[3]]
2016-09-23 17:18:25 	测试结果[Pass]	用时[0.0 seconds]	用例[a1[3]]
2016-09-23 17:45:21 	测试结果[Pass]	用时[0.01 seconds]	用例[a1[3]]
2016-09-23 17:48:24 	测试结果[Pass]	用时[0.01 seconds]	用例[a1[3]]
2016-09-23 17:53:53 	测试结果[Pass]	用时[0.01 seconds]	用例[a1[3]]
